
================================================================================
PLANNING SESSION: 459d2665
Timestamp: 2026-01-13T08:28:43.679
================================================================================

[INPUT]
  Total motion steps:    3
  MoveJ steps:           1
  MoveL steps:           2
  Gripper operations:    1
  IK solutions/step:     [32]
  Total IK combinations: 32

[MOVEJ IK DETAILS]
  Step 0 (robot2):
    Total IK found:       32
    Collision-free IK:    32

[CONFIG]
  Max Pilz combinations: 16
  Max OMPL combinations: 1024
  Pilz PTP timeout:      10.00 s
  OMPL timeout:          3.00 s
  OMPL planner:          RRTConnect

[PLANNING PHASES]
  Phase 1: Pilz-PTP
    Attempts:         1 / 16
    Duration:         58.99 ms
    Result:           SUCCESS

[PLANNING RESULT]
  Status:          SUCCESS
  Success planner: Pilz-PTP
  Success attempt: 1
  Success IK idx:  [0]
  Total duration:  170.99 ms

[ATTEMPT HISTORY] (1 attempts)
  Format: #attempt [phase] IK=[indices] -> result
  ---------------------------------------------------------------
  #  1 [Pilz-PTP] IK=[0] -> SUCCESS

[EXECUTION]
  Trajectories:    3
  Duration:        9749.59 ms
  Status:          SUCCESS

[SUMMARY]
  2026-01-13T08:28:43.679 | PLAN_OK | EXEC_OK | Steps:3 | IK:32 | Pilz-PTP@1 | Plan:170.99ms | Exec:9749.59ms
================================================================================


================================================================================
PLANNING SESSION: d63f6c4d
Timestamp: 2026-01-13T08:28:53.609
================================================================================

[INPUT]
  Total motion steps:    1
  MoveJ steps:           1
  MoveL steps:           0
  Gripper operations:    0
  IK solutions/step:     [32]
  Total IK combinations: 32

[MOVEJ IK DETAILS]
  Step 0 (robot2):
    Total IK found:       32
    Collision-free IK:    32

[CONFIG]
  Max Pilz combinations: 16
  Max OMPL combinations: 1024
  Pilz PTP timeout:      10.00 s
  OMPL timeout:          3.00 s
  OMPL planner:          RRTConnect

[PLANNING PHASES]
  Phase 1: Pilz-PTP
    Attempts:         1 / 16
    Duration:         223.49 ms
    Result:           SUCCESS

[PLANNING RESULT]
  Status:          SUCCESS
  Success planner: Pilz-PTP
  Success attempt: 1
  Success IK idx:  [0]
  Total duration:  266.23 ms

[ATTEMPT HISTORY] (1 attempts)
  Format: #attempt [phase] IK=[indices] -> result
  ---------------------------------------------------------------
  #  1 [Pilz-PTP] IK=[0] -> SUCCESS

[EXECUTION]
  Trajectories:    1
  Duration:        3291.13 ms
  Status:          SUCCESS

[SUMMARY]
  2026-01-13T08:28:53.609 | PLAN_OK | EXEC_OK | Steps:1 | IK:32 | Pilz-PTP@1 | Plan:266.23ms | Exec:3291.13ms
================================================================================


================================================================================
PLANNING SESSION: bcf7d004
Timestamp: 2026-01-13T08:28:57.682
================================================================================

[INPUT]
  Total motion steps:    1
  MoveJ steps:           1
  MoveL steps:           0
  Gripper operations:    0
  IK solutions/step:     [32]
  Total IK combinations: 32

[MOVEJ IK DETAILS]
  Step 0 (robot2):
    Total IK found:       32
    Collision-free IK:    32

[CONFIG]
  Max Pilz combinations: 16
  Max OMPL combinations: 1024
  Pilz PTP timeout:      10.00 s
  OMPL timeout:          3.00 s
  OMPL planner:          RRTConnect

[PLANNING PHASES]
  Phase 1: Pilz-PTP
    Attempts:         1 / 16
    Duration:         132.66 ms
    Result:           SUCCESS

[PLANNING RESULT]
  Status:          SUCCESS
  Success planner: Pilz-PTP
  Success attempt: 1
  Success IK idx:  [0]
  Total duration:  174.73 ms

[ATTEMPT HISTORY] (1 attempts)
  Format: #attempt [phase] IK=[indices] -> result
  ---------------------------------------------------------------
  #  1 [Pilz-PTP] IK=[0] -> SUCCESS

[EXECUTION]
  Trajectories:    1
  Duration:        3782.26 ms
  Status:          SUCCESS

[SUMMARY]
  2026-01-13T08:28:57.682 | PLAN_OK | EXEC_OK | Steps:1 | IK:32 | Pilz-PTP@1 | Plan:174.73ms | Exec:3782.26ms
================================================================================


================================================================================
PLANNING SESSION: 7d584a56
Timestamp: 2026-01-13T08:29:02.153
================================================================================

[INPUT]
  Total motion steps:    1
  MoveJ steps:           1
  MoveL steps:           0
  Gripper operations:    0
  IK solutions/step:     [32]
  Total IK combinations: 32

[MOVEJ IK DETAILS]
  Step 0 (robot2):
    Total IK found:       32
    Collision-free IK:    32

[CONFIG]
  Max Pilz combinations: 16
  Max OMPL combinations: 1024
  Pilz PTP timeout:      10.00 s
  OMPL timeout:          3.00 s
  OMPL planner:          RRTConnect

[PLANNING PHASES]
  Phase 1: Pilz-PTP
    Attempts:         1 / 16
    Duration:         132.55 ms
    Result:           SUCCESS

[PLANNING RESULT]
  Status:          SUCCESS
  Success planner: Pilz-PTP
  Success attempt: 1
  Success IK idx:  [0]
  Total duration:  177.44 ms

[ATTEMPT HISTORY] (1 attempts)
  Format: #attempt [phase] IK=[indices] -> result
  ---------------------------------------------------------------
  #  1 [Pilz-PTP] IK=[0] -> SUCCESS

[EXECUTION]
  Trajectories:    1
  Duration:        2485.63 ms
  Status:          SUCCESS

[SUMMARY]
  2026-01-13T08:29:02.153 | PLAN_OK | EXEC_OK | Steps:1 | IK:32 | Pilz-PTP@1 | Plan:177.44ms | Exec:2485.63ms
================================================================================


================================================================================
PLANNING SESSION: 78b2b692
Timestamp: 2026-01-13T08:29:05.335
================================================================================

[INPUT]
  Total motion steps:    6
  MoveJ steps:           2
  MoveL steps:           4
  Gripper operations:    2
  IK solutions/step:     [32, 32]
  Total IK combinations: 1024

[MOVEJ IK DETAILS]
  Step 0 (robot1):
    Total IK found:       32
    Collision-free IK:    32
  Step 1 (robot2):
    Total IK found:       32
    Collision-free IK:    32

[CONFIG]
  Max Pilz combinations: 16
  Max OMPL combinations: 1024
  Pilz PTP timeout:      10.00 s
  OMPL timeout:          3.00 s
  OMPL planner:          RRTConnect

[PLANNING PHASES]
  Phase 1: Pilz-PTP
    Attempts:         16 / 16
    Duration:         739.49 ms
    Result:           FAILED
    [Backtracking]
      Smart backtracks:   16
      Standard advances:  0
      Stage failures:     {step0:10, step2:6}
      MoveJ IK changes:   {step0:16}
  Phase 2: OMPL
    Attempts:         4 / 1024
    Duration:         442.82 ms
    Result:           SUCCESS
    [Backtracking]
      Smart backtracks:   3
      Standard advances:  0
      Stage failures:     {step2:3}
      MoveJ IK changes:   {step0:3}

[PLANNING RESULT]
  Status:          SUCCESS
  Success planner: OMPL
  Success attempt: 4
  Success IK idx:  [3, 0]
  Total duration:  2785.28 ms

[BACKTRACK HISTORY] (last 19 events)
  #10 smart_backtrack: MoveL@0 failed -> changed MoveJ@0 IK 9->10
  #11 smart_backtrack: MoveL@0 failed -> changed MoveJ@0 IK 10->11
  #12 smart_backtrack: MoveL@2 failed -> changed MoveJ@0 IK 11->12
  #13 smart_backtrack: MoveL@0 failed -> changed MoveJ@0 IK 12->13
  #14 smart_backtrack: MoveL@2 failed -> changed MoveJ@0 IK 13->14
  #15 smart_backtrack: MoveL@2 failed -> changed MoveJ@0 IK 14->15
  #16 smart_backtrack: MoveL@0 failed -> changed MoveJ@0 IK 15->16
  #1 smart_backtrack: MoveL@2 failed -> changed MoveJ@0 IK 0->1
  #2 smart_backtrack: MoveL@2 failed -> changed MoveJ@0 IK 1->2
  #3 smart_backtrack: MoveL@2 failed -> changed MoveJ@0 IK 2->3

[ATTEMPT HISTORY] (20 attempts)
  Format: #attempt [phase] IK=[indices] -> result
  ---------------------------------------------------------------
  #  1 [Pilz-PTP] IK=[0,0] -> FAILED: MoveL at step 2 (move_l_2) - Stage 'move_l_2' failed to find solution
  #  2 [Pilz-PTP] IK=[1,0] -> FAILED: MoveL at step 2 (move_l_2) - Stage 'move_l_2' failed to find solution
  #  3 [Pilz-PTP] IK=[2,0] -> FAILED: MoveL at step 2 (move_l_2) - Stage 'move_l_2' failed to find solution
  #  4 [Pilz-PTP] IK=[3,0] -> FAILED: MoveJ at step 0 (move_j_0) - Stage 'move_j_0' failed to find solution
  #  5 [Pilz-PTP] IK=[4,0] -> FAILED: MoveJ at step 0 (move_j_0) - Stage 'move_j_0' failed to find solution
  #  6 [Pilz-PTP] IK=[5,0] -> FAILED: MoveJ at step 0 (move_j_0) - Stage 'move_j_0' failed to find solution
  #  7 [Pilz-PTP] IK=[6,0] -> FAILED: MoveJ at step 0 (move_j_0) - Stage 'move_j_0' failed to find solution
  #  8 [Pilz-PTP] IK=[7,0] -> FAILED: MoveJ at step 0 (move_j_0) - Stage 'move_j_0' failed to find solution
  #  9 [Pilz-PTP] IK=[8,0] -> FAILED: MoveJ at step 0 (move_j_0) - Stage 'move_j_0' failed to find solution
  # 10 [Pilz-PTP] IK=[9,0] -> FAILED: MoveJ at step 0 (move_j_0) - Stage 'move_j_0' failed to find solution
  # 11 [Pilz-PTP] IK=[10,0] -> FAILED: MoveJ at step 0 (move_j_0) - Stage 'move_j_0' failed to find solution
  # 12 [Pilz-PTP] IK=[11,0] -> FAILED: MoveL at step 2 (move_l_2) - Stage 'move_l_2' failed to find solution
  # 13 [Pilz-PTP] IK=[12,0] -> FAILED: MoveJ at step 0 (move_j_0) - Stage 'move_j_0' failed to find solution
  # 14 [Pilz-PTP] IK=[13,0] -> FAILED: MoveL at step 2 (move_l_2) - Stage 'move_l_2' failed to find solution
  # 15 [Pilz-PTP] IK=[14,0] -> FAILED: MoveL at step 2 (move_l_2) - Stage 'move_l_2' failed to find solution
  # 16 [Pilz-PTP] IK=[15,0] -> FAILED: MoveJ at step 0 (move_j_0) - Stage 'move_j_0' failed to find solution
  #  1 [    OMPL] IK=[0,0] -> FAILED: MoveL at step 2 (move_l_2) - Stage 'move_l_2' failed to find solution
  #  2 [    OMPL] IK=[1,0] -> FAILED: MoveL at step 2 (move_l_2) - Stage 'move_l_2' failed to find solution
  #  3 [    OMPL] IK=[2,0] -> FAILED: MoveL at step 2 (move_l_2) - Stage 'move_l_2' failed to find solution
  #  4 [    OMPL] IK=[3,0] -> SUCCESS

[EXECUTION]
  Trajectories:    6
  Duration:        17137.79 ms
  Status:          SUCCESS

[SUMMARY]
  2026-01-13T08:29:05.335 | PLAN_OK | EXEC_OK | Steps:6 | IK:1024 | OMPL@4 | BT:19/0 | Plan:2785.28ms | Exec:17137.79ms
================================================================================


================================================================================
PLANNING SESSION: fd4cc063
Timestamp: 2026-01-13T08:29:25.275
================================================================================

[INPUT]
  Total motion steps:    1
  MoveJ steps:           1
  MoveL steps:           0
  Gripper operations:    0
  IK solutions/step:     [32]
  Total IK combinations: 32

[MOVEJ IK DETAILS]
  Step 0 (robot1):
    Total IK found:       32
    Collision-free IK:    32

[CONFIG]
  Max Pilz combinations: 16
  Max OMPL combinations: 1024
  Pilz PTP timeout:      10.00 s
  OMPL timeout:          3.00 s
  OMPL planner:          RRTConnect

[PLANNING PHASES]
  Phase 1: Pilz-PTP
    Attempts:         2 / 16
    Duration:         168.72 ms
    Result:           SUCCESS
    [Backtracking]
      Smart backtracks:   1
      Standard advances:  0
      Stage failures:     {step0:1}
      MoveJ IK changes:   {step0:1}

[PLANNING RESULT]
  Status:          SUCCESS
  Success planner: Pilz-PTP
  Success attempt: 2
  Success IK idx:  [1]
  Total duration:  204.42 ms

[BACKTRACK HISTORY] (last 1 events)
  #1 smart_backtrack: MoveL@0 failed -> changed MoveJ@0 IK 0->1

[ATTEMPT HISTORY] (2 attempts)
  Format: #attempt [phase] IK=[indices] -> result
  ---------------------------------------------------------------
  #  1 [Pilz-PTP] IK=[0] -> FAILED: MoveJ at step 0 (move_j_0) - Stage 'move_j_0' failed to find solution
  #  2 [Pilz-PTP] IK=[1] -> SUCCESS

[EXECUTION]
  Trajectories:    1
  Duration:        4139.13 ms
  Status:          SUCCESS

[SUMMARY]
  2026-01-13T08:29:25.275 | PLAN_OK | EXEC_OK | Steps:1 | IK:32 | Pilz-PTP@2 | BT:1/0 | Plan:204.42ms | Exec:4139.13ms
================================================================================


================================================================================
PLANNING SESSION: bb834884
Timestamp: 2026-01-13T08:29:30.133
================================================================================

[INPUT]
  Total motion steps:    1
  MoveJ steps:           1
  MoveL steps:           0
  Gripper operations:    0
  IK solutions/step:     [32]
  Total IK combinations: 32

[MOVEJ IK DETAILS]
  Step 0 (robot1):
    Total IK found:       32
    Collision-free IK:    32

[CONFIG]
  Max Pilz combinations: 16
  Max OMPL combinations: 1024
  Pilz PTP timeout:      10.00 s
  OMPL timeout:          3.00 s
  OMPL planner:          RRTConnect

[PLANNING PHASES]
  Phase 1: Pilz-PTP
    Attempts:         1 / 16
    Duration:         134.98 ms
    Result:           SUCCESS

[PLANNING RESULT]
  Status:          SUCCESS
  Success planner: Pilz-PTP
  Success attempt: 1
  Success IK idx:  [0]
  Total duration:  181.10 ms

[ATTEMPT HISTORY] (1 attempts)
  Format: #attempt [phase] IK=[indices] -> result
  ---------------------------------------------------------------
  #  1 [Pilz-PTP] IK=[0] -> SUCCESS

[EXECUTION]
  Trajectories:    1
  Duration:        4935.42 ms
  Status:          SUCCESS

[SUMMARY]
  2026-01-13T08:29:30.133 | PLAN_OK | EXEC_OK | Steps:1 | IK:32 | Pilz-PTP@1 | Plan:181.10ms | Exec:4935.42ms
================================================================================


================================================================================
PLANNING SESSION: bf4e7ed2
Timestamp: 2026-01-13T08:29:35.763
================================================================================

[INPUT]
  Total motion steps:    1
  MoveJ steps:           1
  MoveL steps:           0
  Gripper operations:    0
  IK solutions/step:     [32]
  Total IK combinations: 32

[MOVEJ IK DETAILS]
  Step 0 (robot1):
    Total IK found:       32
    Collision-free IK:    32

[CONFIG]
  Max Pilz combinations: 16
  Max OMPL combinations: 1024
  Pilz PTP timeout:      10.00 s
  OMPL timeout:          3.00 s
  OMPL planner:          RRTConnect

[PLANNING PHASES]
  Phase 1: Pilz-PTP
    Attempts:         1 / 16
    Duration:         131.06 ms
    Result:           SUCCESS

[PLANNING RESULT]
  Status:          SUCCESS
  Success planner: Pilz-PTP
  Success attempt: 1
  Success IK idx:  [0]
  Total duration:  245.70 ms

[ATTEMPT HISTORY] (1 attempts)
  Format: #attempt [phase] IK=[indices] -> result
  ---------------------------------------------------------------
  #  1 [Pilz-PTP] IK=[0] -> SUCCESS

[EXECUTION]
  Trajectories:    1
  Duration:        3789.10 ms
  Status:          SUCCESS

[SUMMARY]
  2026-01-13T08:29:35.763 | PLAN_OK | EXEC_OK | Steps:1 | IK:32 | Pilz-PTP@1 | Plan:245.70ms | Exec:3789.10ms
================================================================================


================================================================================
PLANNING SESSION: aa918938
Timestamp: 2026-01-13T08:29:40.323
================================================================================

[INPUT]
  Total motion steps:    5
  MoveJ steps:           2
  MoveL steps:           3
  Gripper operations:    2
  IK solutions/step:     [32, 32]
  Total IK combinations: 1024

[MOVEJ IK DETAILS]
  Step 0 (robot1):
    Total IK found:       32
    Collision-free IK:    32
  Step 1 (robot2):
    Total IK found:       32
    Collision-free IK:    32

[CONFIG]
  Max Pilz combinations: 16
  Max OMPL combinations: 1024
  Pilz PTP timeout:      10.00 s
  OMPL timeout:          3.00 s
  OMPL planner:          RRTConnect

[PLANNING PHASES]
  Phase 1: Pilz-PTP
    Attempts:         1 / 16
    Duration:         167.85 ms
    Result:           SUCCESS

[PLANNING RESULT]
  Status:          SUCCESS
  Success planner: Pilz-PTP
  Success attempt: 1
  Success IK idx:  [0, 0]
  Total duration:  1402.61 ms

[ATTEMPT HISTORY] (1 attempts)
  Format: #attempt [phase] IK=[indices] -> result
  ---------------------------------------------------------------
  #  1 [Pilz-PTP] IK=[0,0] -> SUCCESS

[EXECUTION]
  Trajectories:    5
  Duration:        17095.35 ms
  Status:          SUCCESS

[SUMMARY]
  2026-01-13T08:29:40.323 | PLAN_OK | EXEC_OK | Steps:5 | IK:1024 | Pilz-PTP@1 | Plan:1402.61ms | Exec:17095.35ms
================================================================================


================================================================================
PLANNING SESSION: a829be8b
Timestamp: 2026-01-13T08:29:58.835
================================================================================

[INPUT]
  Total motion steps:    5
  MoveJ steps:           2
  MoveL steps:           3
  Gripper operations:    2
  IK solutions/step:     [32, 32]
  Total IK combinations: 1024

[MOVEJ IK DETAILS]
  Step 0 (robot1):
    Total IK found:       32
    Collision-free IK:    32
  Step 1 (robot2):
    Total IK found:       32
    Collision-free IK:    32

[CONFIG]
  Max Pilz combinations: 16
  Max OMPL combinations: 1024
  Pilz PTP timeout:      10.00 s
  OMPL timeout:          3.00 s
  OMPL planner:          RRTConnect

[PLANNING PHASES]

[PLANNING RESULT]
  Status:          FAILED
  Total duration:  1191.31 ms

[EXECUTION]
  Trajectories:    0
  Duration:        0.00 ms
  Status:          FAILED

[FAILURE]
  Reason: All IK combinations have collisions

[SUMMARY]
  2026-01-13T08:29:58.835 | PLAN_FAIL | EXEC_FAIL | Steps:5 | IK:1024 | Plan:1191.31ms | Exec:0.00ms
================================================================================

