
================================================================================
PLANNING SESSION: b5e5c5a1
Timestamp: 2026-01-20T09:37:53.524
================================================================================

[INPUT]
  Total motion steps:    1
  MoveJ steps:           1
  MoveL steps:           0
  Gripper operations:    2
  IK solutions/step:     [32]
  Total IK combinations: 32

[MOVEJ IK DETAILS]
  Step 0 (robot1):
    Total IK found:       32
    Collision-free IK:    32

[CONFIG]
  Max Pilz combinations: 16
  Max OMPL combinations: 1024
  Pilz PTP timeout:      10.00 s
  OMPL timeout:          3.00 s
  OMPL planner:          RRTConnect

[PLANNING PHASES]
  Phase 1: Pilz-PTP
    Attempts:         1 / 16
    Duration:         41.56 ms
    Result:           SUCCESS

[PLANNING RESULT]
  Status:          SUCCESS
  Success planner: Pilz-PTP
  Success attempt: 1
  Success IK idx:  [0]
  Total duration:  84.11 ms

[ATTEMPT HISTORY] (1 attempts)
  Format: #attempt [phase] IK=[indices] -> result
  ---------------------------------------------------------------
  #  1 [Pilz-PTP] IK=[0] -> SUCCESS

[EXECUTION]
  Trajectories:    1
  Duration:        3383.85 ms
  Status:          SUCCESS

[SUMMARY]
  2026-01-20T09:37:53.524 | PLAN_OK | EXEC_OK | Steps:1 | IK:32 | Pilz-PTP@1 | Plan:84.11ms | Exec:3383.85ms
================================================================================


================================================================================
PLANNING SESSION: f3526ba9
Timestamp: 2026-01-20T09:37:57.003
================================================================================

[INPUT]
  Total motion steps:    3
  MoveJ steps:           1
  MoveL steps:           2
  Gripper operations:    1
  IK solutions/step:     [32]
  Total IK combinations: 32

[MOVEJ IK DETAILS]
  Step 0 (robot2):
    Total IK found:       32
    Collision-free IK:    32

[CONFIG]
  Max Pilz combinations: 16
  Max OMPL combinations: 1024
  Pilz PTP timeout:      10.00 s
  OMPL timeout:          3.00 s
  OMPL planner:          RRTConnect

[PLANNING PHASES]
  Phase 1: Pilz-PTP
    Attempts:         1 / 16
    Duration:         150.10 ms
    Result:           SUCCESS

[PLANNING RESULT]
  Status:          SUCCESS
  Success planner: Pilz-PTP
  Success attempt: 1
  Success IK idx:  [0]
  Total duration:  234.30 ms

[ATTEMPT HISTORY] (1 attempts)
  Format: #attempt [phase] IK=[indices] -> result
  ---------------------------------------------------------------
  #  1 [Pilz-PTP] IK=[0] -> SUCCESS

[EXECUTION]
  Trajectories:    3
  Duration:        12273.60 ms
  Status:          SUCCESS

[SUMMARY]
  2026-01-20T09:37:57.003 | PLAN_OK | EXEC_OK | Steps:3 | IK:32 | Pilz-PTP@1 | Plan:234.30ms | Exec:12273.60ms
================================================================================


================================================================================
PLANNING SESSION: c3ce77bc
Timestamp: 2026-01-20T09:38:09.522
================================================================================

[INPUT]
  Total motion steps:    1
  MoveJ steps:           1
  MoveL steps:           0
  Gripper operations:    0
  IK solutions/step:     [32]
  Total IK combinations: 32

[MOVEJ IK DETAILS]
  Step 0 (robot2):
    Total IK found:       32
    Collision-free IK:    32

[CONFIG]
  Max Pilz combinations: 16
  Max OMPL combinations: 1024
  Pilz PTP timeout:      10.00 s
  OMPL timeout:          3.00 s
  OMPL planner:          RRTConnect

[PLANNING PHASES]
  Phase 1: Pilz-PTP
    Attempts:         1 / 16
    Duration:         128.52 ms
    Result:           SUCCESS

[PLANNING RESULT]
  Status:          SUCCESS
  Success planner: Pilz-PTP
  Success attempt: 1
  Success IK idx:  [0]
  Total duration:  169.03 ms

[ATTEMPT HISTORY] (1 attempts)
  Format: #attempt [phase] IK=[indices] -> result
  ---------------------------------------------------------------
  #  1 [Pilz-PTP] IK=[0] -> SUCCESS

[EXECUTION]
  Trajectories:    1
  Duration:        5439.75 ms
  Status:          SUCCESS

[SUMMARY]
  2026-01-20T09:38:09.522 | PLAN_OK | EXEC_OK | Steps:1 | IK:32 | Pilz-PTP@1 | Plan:169.03ms | Exec:5439.75ms
================================================================================


================================================================================
PLANNING SESSION: 3365e9ac
Timestamp: 2026-01-20T09:38:15.361
================================================================================

[INPUT]
  Total motion steps:    1
  MoveJ steps:           1
  MoveL steps:           0
  Gripper operations:    0
  IK solutions/step:     [32]
  Total IK combinations: 32

[MOVEJ IK DETAILS]
  Step 0 (robot2):
    Total IK found:       32
    Collision-free IK:    32

[CONFIG]
  Max Pilz combinations: 16
  Max OMPL combinations: 1024
  Pilz PTP timeout:      10.00 s
  OMPL timeout:          3.00 s
  OMPL planner:          RRTConnect

[PLANNING PHASES]
  Phase 1: Pilz-PTP
    Attempts:         1 / 16
    Duration:         127.66 ms
    Result:           SUCCESS

[PLANNING RESULT]
  Status:          SUCCESS
  Success planner: Pilz-PTP
  Success attempt: 1
  Success IK idx:  [0]
  Total duration:  163.58 ms

[ATTEMPT HISTORY] (1 attempts)
  Format: #attempt [phase] IK=[indices] -> result
  ---------------------------------------------------------------
  #  1 [Pilz-PTP] IK=[0] -> SUCCESS

[EXECUTION]
  Trajectories:    1
  Duration:        3784.18 ms
  Status:          SUCCESS

[SUMMARY]
  2026-01-20T09:38:15.361 | PLAN_OK | EXEC_OK | Steps:1 | IK:32 | Pilz-PTP@1 | Plan:163.58ms | Exec:3784.18ms
================================================================================


================================================================================
PLANNING SESSION: 96b62621
Timestamp: 2026-01-20T09:38:19.530
================================================================================

[INPUT]
  Total motion steps:    1
  MoveJ steps:           1
  MoveL steps:           0
  Gripper operations:    0
  IK solutions/step:     [32]
  Total IK combinations: 32

[MOVEJ IK DETAILS]
  Step 0 (robot2):
    Total IK found:       32
    Collision-free IK:    32

[CONFIG]
  Max Pilz combinations: 16
  Max OMPL combinations: 1024
  Pilz PTP timeout:      10.00 s
  OMPL timeout:          3.00 s
  OMPL planner:          RRTConnect

[PLANNING PHASES]
  Phase 1: Pilz-PTP
    Attempts:         1 / 16
    Duration:         126.00 ms
    Result:           SUCCESS

[PLANNING RESULT]
  Status:          SUCCESS
  Success planner: Pilz-PTP
  Success attempt: 1
  Success IK idx:  [0]
  Total duration:  157.79 ms

[ATTEMPT HISTORY] (1 attempts)
  Format: #attempt [phase] IK=[indices] -> result
  ---------------------------------------------------------------
  #  1 [Pilz-PTP] IK=[0] -> SUCCESS

[EXECUTION]
  Trajectories:    1
  Duration:        4683.11 ms
  Status:          SUCCESS

[SUMMARY]
  2026-01-20T09:38:19.530 | PLAN_OK | EXEC_OK | Steps:1 | IK:32 | Pilz-PTP@1 | Plan:157.79ms | Exec:4683.11ms
================================================================================


================================================================================
PLANNING SESSION: 006866d6
Timestamp: 2026-01-20T09:38:24.603
================================================================================

[INPUT]
  Total motion steps:    6
  MoveJ steps:           2
  MoveL steps:           4
  Gripper operations:    2
  IK solutions/step:     [32, 32]
  Total IK combinations: 1024

[MOVEJ IK DETAILS]
  Step 0 (robot1):
    Total IK found:       32
    Collision-free IK:    32
  Step 1 (robot2):
    Total IK found:       32
    Collision-free IK:    32

[CONFIG]
  Max Pilz combinations: 16
  Max OMPL combinations: 1024
  Pilz PTP timeout:      10.00 s
  OMPL timeout:          3.00 s
  OMPL planner:          RRTConnect

[PLANNING PHASES]
  Phase 1: Pilz-PTP
    Attempts:         1 / 16
    Duration:         153.63 ms
    Result:           SUCCESS

[PLANNING RESULT]
  Status:          SUCCESS
  Success planner: Pilz-PTP
  Success attempt: 1
  Success IK idx:  [0, 0]
  Total duration:  1616.40 ms

[ATTEMPT HISTORY] (1 attempts)
  Format: #attempt [phase] IK=[indices] -> result
  ---------------------------------------------------------------
  #  1 [Pilz-PTP] IK=[0,0] -> SUCCESS

[EXECUTION]
  Trajectories:    6
  Duration:        15501.24 ms
  Status:          SUCCESS

[SUMMARY]
  2026-01-20T09:38:24.603 | PLAN_OK | EXEC_OK | Steps:6 | IK:1024 | Pilz-PTP@1 | Plan:1616.40ms | Exec:15501.24ms
================================================================================


================================================================================
PLANNING SESSION: 94d67e34
Timestamp: 2026-01-20T09:38:41.732
================================================================================

[INPUT]
  Total motion steps:    1
  MoveJ steps:           1
  MoveL steps:           0
  Gripper operations:    0
  IK solutions/step:     [32]
  Total IK combinations: 32

[MOVEJ IK DETAILS]
  Step 0 (robot1):
    Total IK found:       32
    Collision-free IK:    32

[CONFIG]
  Max Pilz combinations: 16
  Max OMPL combinations: 1024
  Pilz PTP timeout:      10.00 s
  OMPL timeout:          3.00 s
  OMPL planner:          RRTConnect

[PLANNING PHASES]
  Phase 1: Pilz-PTP
    Attempts:         1 / 16
    Duration:         127.66 ms
    Result:           SUCCESS

[PLANNING RESULT]
  Status:          SUCCESS
  Success planner: Pilz-PTP
  Success attempt: 1
  Success IK idx:  [0]
  Total duration:  165.41 ms

[ATTEMPT HISTORY] (1 attempts)
  Format: #attempt [phase] IK=[indices] -> result
  ---------------------------------------------------------------
  #  1 [Pilz-PTP] IK=[0] -> SUCCESS

[EXECUTION]
  Trajectories:    1
  Duration:        3483.30 ms
  Status:          SUCCESS

[SUMMARY]
  2026-01-20T09:38:41.732 | PLAN_OK | EXEC_OK | Steps:1 | IK:32 | Pilz-PTP@1 | Plan:165.41ms | Exec:3483.30ms
================================================================================


================================================================================
PLANNING SESSION: 75527d53
Timestamp: 2026-01-20T09:38:45.618
================================================================================

[INPUT]
  Total motion steps:    1
  MoveJ steps:           1
  MoveL steps:           0
  Gripper operations:    0
  IK solutions/step:     [32]
  Total IK combinations: 32

[MOVEJ IK DETAILS]
  Step 0 (robot1):
    Total IK found:       32
    Collision-free IK:    32

[CONFIG]
  Max Pilz combinations: 16
  Max OMPL combinations: 1024
  Pilz PTP timeout:      10.00 s
  OMPL timeout:          3.00 s
  OMPL planner:          RRTConnect

[PLANNING PHASES]
  Phase 1: Pilz-PTP
    Attempts:         1 / 16
    Duration:         128.82 ms
    Result:           SUCCESS

[PLANNING RESULT]
  Status:          SUCCESS
  Success planner: Pilz-PTP
  Success attempt: 1
  Success IK idx:  [0]
  Total duration:  163.33 ms

[ATTEMPT HISTORY] (1 attempts)
  Format: #attempt [phase] IK=[indices] -> result
  ---------------------------------------------------------------
  #  1 [Pilz-PTP] IK=[0] -> SUCCESS

[EXECUTION]
  Trajectories:    1
  Duration:        3890.01 ms
  Status:          SUCCESS

[SUMMARY]
  2026-01-20T09:38:45.618 | PLAN_OK | EXEC_OK | Steps:1 | IK:32 | Pilz-PTP@1 | Plan:163.33ms | Exec:3890.01ms
================================================================================


================================================================================
PLANNING SESSION: 694d38e0
Timestamp: 2026-01-20T09:38:49.921
================================================================================

[INPUT]
  Total motion steps:    1
  MoveJ steps:           1
  MoveL steps:           0
  Gripper operations:    0
  IK solutions/step:     [32]
  Total IK combinations: 32

[MOVEJ IK DETAILS]
  Step 0 (robot1):
    Total IK found:       32
    Collision-free IK:    32

[CONFIG]
  Max Pilz combinations: 16
  Max OMPL combinations: 1024
  Pilz PTP timeout:      10.00 s
  OMPL timeout:          3.00 s
  OMPL planner:          RRTConnect

[PLANNING PHASES]
  Phase 1: Pilz-PTP
    Attempts:         1 / 16
    Duration:         129.81 ms
    Result:           SUCCESS

[PLANNING RESULT]
  Status:          SUCCESS
  Success planner: Pilz-PTP
  Success attempt: 1
  Success IK idx:  [0]
  Total duration:  172.47 ms

[ATTEMPT HISTORY] (1 attempts)
  Format: #attempt [phase] IK=[indices] -> result
  ---------------------------------------------------------------
  #  1 [Pilz-PTP] IK=[0] -> SUCCESS

[EXECUTION]
  Trajectories:    1
  Duration:        3788.10 ms
  Status:          SUCCESS

[SUMMARY]
  2026-01-20T09:38:49.921 | PLAN_OK | EXEC_OK | Steps:1 | IK:32 | Pilz-PTP@1 | Plan:172.47ms | Exec:3788.10ms
================================================================================


================================================================================
PLANNING SESSION: e9bd9fc0
Timestamp: 2026-01-20T09:38:54.098
================================================================================

[INPUT]
  Total motion steps:    6
  MoveJ steps:           2
  MoveL steps:           4
  Gripper operations:    2
  IK solutions/step:     [32, 32]
  Total IK combinations: 1024

[MOVEJ IK DETAILS]
  Step 0 (robot2):
    Total IK found:       32
    Collision-free IK:    32
  Step 1 (robot1):
    Total IK found:       32
    Collision-free IK:    32

[CONFIG]
  Max Pilz combinations: 16
  Max OMPL combinations: 1024
  Pilz PTP timeout:      10.00 s
  OMPL timeout:          3.00 s
  OMPL planner:          RRTConnect

[PLANNING PHASES]
  Phase 1: Pilz-PTP
    Attempts:         4 / 16
    Duration:         329.02 ms
    Result:           SUCCESS
    [Backtracking]
      Smart backtracks:   3
      Standard advances:  0
      Stage failures:     {step0:1, step2:2}
      MoveJ IK changes:   {step0:3}

[PLANNING RESULT]
  Status:          SUCCESS
  Success planner: Pilz-PTP
  Success attempt: 4
  Success IK idx:  [3, 0]
  Total duration:  1746.08 ms

[BACKTRACK HISTORY] (last 3 events)
  #1 smart_backtrack: MoveL@0 failed -> changed MoveJ@0 IK 0->1
  #2 smart_backtrack: MoveL@2 failed -> changed MoveJ@0 IK 1->2
  #3 smart_backtrack: MoveL@2 failed -> changed MoveJ@0 IK 2->3

[ATTEMPT HISTORY] (4 attempts)
  Format: #attempt [phase] IK=[indices] -> result
  ---------------------------------------------------------------
  #  1 [Pilz-PTP] IK=[0,0] -> FAILED: MoveJ at step 0 (move_j_0) - Stage 'move_j_0' failed to find solution
  #  2 [Pilz-PTP] IK=[1,0] -> FAILED: MoveL at step 2 (move_l_2) - Stage 'move_l_2' failed to find solution
  #  3 [Pilz-PTP] IK=[2,0] -> FAILED: MoveL at step 2 (move_l_2) - Stage 'move_l_2' failed to find solution
  #  4 [Pilz-PTP] IK=[3,0] -> SUCCESS

[EXECUTION]
  Trajectories:    6
  Duration:        20145.70 ms
  Status:          SUCCESS

[SUMMARY]
  2026-01-20T09:38:54.098 | PLAN_OK | EXEC_OK | Steps:6 | IK:1024 | Pilz-PTP@4 | BT:3/0 | Plan:1746.08ms | Exec:20145.70ms
================================================================================


================================================================================
PLANNING SESSION: c7a5fb50
Timestamp: 2026-01-20T09:39:16.001
================================================================================

[INPUT]
  Total motion steps:    5
  MoveJ steps:           2
  MoveL steps:           3
  Gripper operations:    2
  IK solutions/step:     [32, 32]
  Total IK combinations: 1024

[MOVEJ IK DETAILS]
  Step 0 (robot2):
    Total IK found:       32
    Collision-free IK:    32
  Step 1 (robot1):
    Total IK found:       32
    Collision-free IK:    32

[CONFIG]
  Max Pilz combinations: 16
  Max OMPL combinations: 1024
  Pilz PTP timeout:      10.00 s
  OMPL timeout:          3.00 s
  OMPL planner:          RRTConnect

[PLANNING PHASES]
  Phase 1: Pilz-PTP
    Attempts:         2 / 16
    Duration:         194.24 ms
    Result:           SUCCESS
    [Backtracking]
      Smart backtracks:   1
      Standard advances:  0
      Stage failures:     {step3:1}
      MoveJ IK changes:   {step1:1}

[PLANNING RESULT]
  Status:          SUCCESS
  Success planner: Pilz-PTP
  Success attempt: 2
  Success IK idx:  [0, 1]
  Total duration:  1421.86 ms

[BACKTRACK HISTORY] (last 1 events)
  #1 smart_backtrack: MoveL@3 failed -> changed MoveJ@1 IK 0->1

[ATTEMPT HISTORY] (2 attempts)
  Format: #attempt [phase] IK=[indices] -> result
  ---------------------------------------------------------------
  #  1 [Pilz-PTP] IK=[0,0] -> FAILED: MoveL at step 3 (move_l_3) - Stage 'move_l_3' failed to find solution
  #  2 [Pilz-PTP] IK=[0,1] -> SUCCESS

[EXECUTION]
  Trajectories:    5
  Duration:        21147.45 ms
  Status:          SUCCESS

[SUMMARY]
  2026-01-20T09:39:16.001 | PLAN_OK | EXEC_OK | Steps:5 | IK:1024 | Pilz-PTP@2 | BT:1/0 | Plan:1421.86ms | Exec:21147.45ms
================================================================================


================================================================================
PLANNING SESSION: cf5a6fc0
Timestamp: 2026-01-20T09:39:38.583
================================================================================

[INPUT]
  Total motion steps:    6
  MoveJ steps:           2
  MoveL steps:           4
  Gripper operations:    2
  IK solutions/step:     [32, 32]
  Total IK combinations: 1024

[MOVEJ IK DETAILS]
  Step 0 (robot1):
    Total IK found:       32
    Collision-free IK:    32
  Step 1 (robot2):
    Total IK found:       32
    Collision-free IK:    32

[CONFIG]
  Max Pilz combinations: 16
  Max OMPL combinations: 1024
  Pilz PTP timeout:      10.00 s
  OMPL timeout:          3.00 s
  OMPL planner:          RRTConnect

[PLANNING PHASES]
  Phase 1: Pilz-PTP
    Attempts:         2 / 16
    Duration:         192.25 ms
    Result:           SUCCESS
    [Backtracking]
      Smart backtracks:   1
      Standard advances:  0
      Stage failures:     {step3:1}
      MoveJ IK changes:   {step1:1}

[PLANNING RESULT]
  Status:          SUCCESS
  Success planner: Pilz-PTP
  Success attempt: 2
  Success IK idx:  [0, 1]
  Total duration:  1602.15 ms

[BACKTRACK HISTORY] (last 1 events)
  #1 smart_backtrack: MoveL@3 failed -> changed MoveJ@1 IK 0->1

[ATTEMPT HISTORY] (2 attempts)
  Format: #attempt [phase] IK=[indices] -> result
  ---------------------------------------------------------------
  #  1 [Pilz-PTP] IK=[0,0] -> FAILED: MoveL at step 3 (move_l_3) - Stage 'move_l_3' failed to find solution
  #  2 [Pilz-PTP] IK=[0,1] -> SUCCESS

[EXECUTION]
  Trajectories:    6
  Duration:        17295.86 ms
  Status:          SUCCESS

[SUMMARY]
  2026-01-20T09:39:38.583 | PLAN_OK | EXEC_OK | Steps:6 | IK:1024 | Pilz-PTP@2 | BT:1/0 | Plan:1602.15ms | Exec:17295.86ms
================================================================================


================================================================================
PLANNING SESSION: 780e7521
Timestamp: 2026-01-20T09:39:57.492
================================================================================

[INPUT]
  Total motion steps:    5
  MoveJ steps:           2
  MoveL steps:           3
  Gripper operations:    2
  IK solutions/step:     [32, 32]
  Total IK combinations: 1024

[MOVEJ IK DETAILS]
  Step 0 (robot1):
    Total IK found:       32
    Collision-free IK:    32
  Step 1 (robot2):
    Total IK found:       32
    Collision-free IK:    32

[CONFIG]
  Max Pilz combinations: 16
  Max OMPL combinations: 1024
  Pilz PTP timeout:      10.00 s
  OMPL timeout:          3.00 s
  OMPL planner:          RRTConnect

[PLANNING PHASES]
  Phase 1: Pilz-PTP
    Attempts:         4 / 16
    Duration:         261.90 ms
    Result:           SUCCESS
    [Backtracking]
      Smart backtracks:   3
      Standard advances:  0
      Stage failures:     {step0:3}
      MoveJ IK changes:   {step0:3}

[PLANNING RESULT]
  Status:          SUCCESS
  Success planner: Pilz-PTP
  Success attempt: 4
  Success IK idx:  [3, 0]
  Total duration:  1367.66 ms

[BACKTRACK HISTORY] (last 3 events)
  #1 smart_backtrack: MoveL@0 failed -> changed MoveJ@0 IK 0->1
  #2 smart_backtrack: MoveL@0 failed -> changed MoveJ@0 IK 1->2
  #3 smart_backtrack: MoveL@0 failed -> changed MoveJ@0 IK 2->3

[ATTEMPT HISTORY] (4 attempts)
  Format: #attempt [phase] IK=[indices] -> result
  ---------------------------------------------------------------
  #  1 [Pilz-PTP] IK=[0,0] -> FAILED: MoveJ at step 0 (move_j_0) - Stage 'move_j_0' failed to find solution
  #  2 [Pilz-PTP] IK=[1,0] -> FAILED: MoveJ at step 0 (move_j_0) - Stage 'move_j_0' failed to find solution
  #  3 [Pilz-PTP] IK=[2,0] -> FAILED: MoveJ at step 0 (move_j_0) - Stage 'move_j_0' failed to find solution
  #  4 [Pilz-PTP] IK=[3,0] -> SUCCESS

[EXECUTION]
  Trajectories:    5
  Duration:        20510.86 ms
  Status:          SUCCESS

[SUMMARY]
  2026-01-20T09:39:57.492 | PLAN_OK | EXEC_OK | Steps:5 | IK:1024 | Pilz-PTP@4 | BT:3/0 | Plan:1367.66ms | Exec:20510.86ms
================================================================================


================================================================================
PLANNING SESSION: dc04772b
Timestamp: 2026-01-20T09:40:19.383
================================================================================

[INPUT]
  Total motion steps:    6
  MoveJ steps:           2
  MoveL steps:           4
  Gripper operations:    2
  IK solutions/step:     [32, 32]
  Total IK combinations: 1024

[MOVEJ IK DETAILS]
  Step 0 (robot2):
    Total IK found:       32
    Collision-free IK:    32
  Step 1 (robot1):
    Total IK found:       32
    Collision-free IK:    32

[CONFIG]
  Max Pilz combinations: 16
  Max OMPL combinations: 1024
  Pilz PTP timeout:      10.00 s
  OMPL timeout:          3.00 s
  OMPL planner:          RRTConnect

[PLANNING PHASES]
  Phase 1: Pilz-PTP
    Attempts:         1 / 16
    Duration:         157.09 ms
    Result:           SUCCESS

[PLANNING RESULT]
  Status:          SUCCESS
  Success planner: Pilz-PTP
  Success attempt: 1
  Success IK idx:  [0, 0]
  Total duration:  1573.84 ms

[ATTEMPT HISTORY] (1 attempts)
  Format: #attempt [phase] IK=[indices] -> result
  ---------------------------------------------------------------
  #  1 [Pilz-PTP] IK=[0,0] -> SUCCESS

[EXECUTION]
  Trajectories:    6
  Duration:        17643.57 ms
  Status:          SUCCESS

[SUMMARY]
  2026-01-20T09:40:19.383 | PLAN_OK | EXEC_OK | Steps:6 | IK:1024 | Pilz-PTP@1 | Plan:1573.84ms | Exec:17643.57ms
================================================================================


================================================================================
PLANNING SESSION: 7707e0b5
Timestamp: 2026-01-20T09:40:38.612
================================================================================

[INPUT]
  Total motion steps:    5
  MoveJ steps:           2
  MoveL steps:           3
  Gripper operations:    2
  IK solutions/step:     [32, 32]
  Total IK combinations: 1024

[MOVEJ IK DETAILS]
  Step 0 (robot2):
    Total IK found:       32
    Collision-free IK:    32
  Step 1 (robot1):
    Total IK found:       32
    Collision-free IK:    32

[CONFIG]
  Max Pilz combinations: 16
  Max OMPL combinations: 1024
  Pilz PTP timeout:      10.00 s
  OMPL timeout:          3.00 s
  OMPL planner:          RRTConnect

[PLANNING PHASES]
  Phase 1: Pilz-PTP
    Attempts:         1 / 16
    Duration:         151.41 ms
    Result:           SUCCESS

[PLANNING RESULT]
  Status:          SUCCESS
  Success planner: Pilz-PTP
  Success attempt: 1
  Success IK idx:  [0, 0]
  Total duration:  1374.95 ms

[ATTEMPT HISTORY] (1 attempts)
  Format: #attempt [phase] IK=[indices] -> result
  ---------------------------------------------------------------
  #  1 [Pilz-PTP] IK=[0,0] -> SUCCESS

[EXECUTION]
  Trajectories:    5
  Duration:        14343.78 ms
  Status:          SUCCESS

[SUMMARY]
  2026-01-20T09:40:38.612 | PLAN_OK | EXEC_OK | Steps:5 | IK:1024 | Pilz-PTP@1 | Plan:1374.95ms | Exec:14343.78ms
================================================================================


================================================================================
PLANNING SESSION: 5c3f8a7a
Timestamp: 2026-01-20T09:40:54.343
================================================================================

[INPUT]
  Total motion steps:    5
  MoveJ steps:           2
  MoveL steps:           3
  Gripper operations:    2
  IK solutions/step:     [32, 32]
  Total IK combinations: 1024

[MOVEJ IK DETAILS]
  Step 0 (robot2):
    Total IK found:       32
    Collision-free IK:    32
  Step 1 (robot1):
    Total IK found:       32
    Collision-free IK:    32

[CONFIG]
  Max Pilz combinations: 16
  Max OMPL combinations: 1024
  Pilz PTP timeout:      10.00 s
  OMPL timeout:          3.00 s
  OMPL planner:          RRTConnect

[PLANNING PHASES]
  Phase 1: Pilz-PTP
    Attempts:         1 / 16
    Duration:         152.07 ms
    Result:           SUCCESS

[PLANNING RESULT]
  Status:          SUCCESS
  Success planner: Pilz-PTP
  Success attempt: 1
  Success IK idx:  [0, 0]
  Total duration:  1392.27 ms

[ATTEMPT HISTORY] (1 attempts)
  Format: #attempt [phase] IK=[indices] -> result
  ---------------------------------------------------------------
  #  1 [Pilz-PTP] IK=[0,0] -> SUCCESS

[EXECUTION]
  Trajectories:    5
  Duration:        15956.60 ms
  Status:          SUCCESS

[SUMMARY]
  2026-01-20T09:40:54.343 | PLAN_OK | EXEC_OK | Steps:5 | IK:1024 | Pilz-PTP@1 | Plan:1392.27ms | Exec:15956.60ms
================================================================================


================================================================================
PLANNING SESSION: cd3af0df
Timestamp: 2026-01-20T09:41:11.703
================================================================================

[INPUT]
  Total motion steps:    5
  MoveJ steps:           2
  MoveL steps:           3
  Gripper operations:    2
  IK solutions/step:     [32, 32]
  Total IK combinations: 1024

[MOVEJ IK DETAILS]
  Step 0 (robot2):
    Total IK found:       32
    Collision-free IK:    32
  Step 1 (robot1):
    Total IK found:       32
    Collision-free IK:    32

[CONFIG]
  Max Pilz combinations: 16
  Max OMPL combinations: 1024
  Pilz PTP timeout:      10.00 s
  OMPL timeout:          3.00 s
  OMPL planner:          RRTConnect

[PLANNING PHASES]
  Phase 1: Pilz-PTP
    Attempts:         1 / 16
    Duration:         169.47 ms
    Result:           SUCCESS

[PLANNING RESULT]
  Status:          SUCCESS
  Success planner: Pilz-PTP
  Success attempt: 1
  Success IK idx:  [0, 0]
  Total duration:  1467.33 ms

[ATTEMPT HISTORY] (1 attempts)
  Format: #attempt [phase] IK=[indices] -> result
  ---------------------------------------------------------------
  #  1 [Pilz-PTP] IK=[0,0] -> SUCCESS

[EXECUTION]
  Trajectories:    5
  Duration:        15463.92 ms
  Status:          SUCCESS

[SUMMARY]
  2026-01-20T09:41:11.703 | PLAN_OK | EXEC_OK | Steps:5 | IK:1024 | Pilz-PTP@1 | Plan:1467.33ms | Exec:15463.92ms
================================================================================


================================================================================
PLANNING SESSION: 19715d6c
Timestamp: 2026-01-20T09:41:28.651
================================================================================

[INPUT]
  Total motion steps:    6
  MoveJ steps:           2
  MoveL steps:           4
  Gripper operations:    2
  IK solutions/step:     [32, 32]
  Total IK combinations: 1024

[MOVEJ IK DETAILS]
  Step 0 (robot1):
    Total IK found:       32
    Collision-free IK:    32
  Step 1 (robot2):
    Total IK found:       32
    Collision-free IK:    32

[CONFIG]
  Max Pilz combinations: 16
  Max OMPL combinations: 1024
  Pilz PTP timeout:      10.00 s
  OMPL timeout:          3.00 s
  OMPL planner:          RRTConnect

[PLANNING PHASES]
  Phase 1: Pilz-PTP
    Attempts:         2 / 16
    Duration:         211.78 ms
    Result:           SUCCESS
    [Backtracking]
      Smart backtracks:   1
      Standard advances:  0
      Stage failures:     {step3:1}
      MoveJ IK changes:   {step1:1}

[PLANNING RESULT]
  Status:          SUCCESS
  Success planner: Pilz-PTP
  Success attempt: 2
  Success IK idx:  [0, 1]
  Total duration:  1863.34 ms

[BACKTRACK HISTORY] (last 1 events)
  #1 smart_backtrack: MoveL@3 failed -> changed MoveJ@1 IK 0->1

[ATTEMPT HISTORY] (2 attempts)
  Format: #attempt [phase] IK=[indices] -> result
  ---------------------------------------------------------------
  #  1 [Pilz-PTP] IK=[0,0] -> FAILED: MoveL at step 3 (move_l_3) - Stage 'move_l_3' failed to find solution
  #  2 [Pilz-PTP] IK=[0,1] -> SUCCESS

[EXECUTION]
  Trajectories:    6
  Duration:        18746.80 ms
  Status:          SUCCESS

[SUMMARY]
  2026-01-20T09:41:28.651 | PLAN_OK | EXEC_OK | Steps:6 | IK:1024 | Pilz-PTP@2 | BT:1/0 | Plan:1863.34ms | Exec:18746.80ms
================================================================================


================================================================================
PLANNING SESSION: 7faab4fc
Timestamp: 2026-01-20T09:41:49.276
================================================================================

[INPUT]
  Total motion steps:    5
  MoveJ steps:           2
  MoveL steps:           3
  Gripper operations:    2
  IK solutions/step:     [32, 32]
  Total IK combinations: 1024

[MOVEJ IK DETAILS]
  Step 0 (robot1):
    Total IK found:       32
    Collision-free IK:    32
  Step 1 (robot2):
    Total IK found:       32
    Collision-free IK:    32

[CONFIG]
  Max Pilz combinations: 16
  Max OMPL combinations: 1024
  Pilz PTP timeout:      10.00 s
  OMPL timeout:          3.00 s
  OMPL planner:          RRTConnect

[PLANNING PHASES]
  Phase 1: Pilz-PTP
    Attempts:         1 / 16
    Duration:         159.98 ms
    Result:           SUCCESS

[PLANNING RESULT]
  Status:          SUCCESS
  Success planner: Pilz-PTP
  Success attempt: 1
  Success IK idx:  [0, 0]
  Total duration:  1404.92 ms

[ATTEMPT HISTORY] (1 attempts)
  Format: #attempt [phase] IK=[indices] -> result
  ---------------------------------------------------------------
  #  1 [Pilz-PTP] IK=[0,0] -> SUCCESS

[EXECUTION]
  Trajectories:    5
  Duration:        13149.57 ms
  Status:          SUCCESS

[SUMMARY]
  2026-01-20T09:41:49.276 | PLAN_OK | EXEC_OK | Steps:5 | IK:1024 | Pilz-PTP@1 | Plan:1404.92ms | Exec:13149.57ms
================================================================================


================================================================================
PLANNING SESSION: 881d2f55
Timestamp: 2026-01-20T09:42:03.849
================================================================================

[INPUT]
  Total motion steps:    5
  MoveJ steps:           2
  MoveL steps:           3
  Gripper operations:    2
  IK solutions/step:     [32, 32]
  Total IK combinations: 1024

[MOVEJ IK DETAILS]
  Step 0 (robot1):
    Total IK found:       32
    Collision-free IK:    32
  Step 1 (robot2):
    Total IK found:       32
    Collision-free IK:    32

[CONFIG]
  Max Pilz combinations: 16
  Max OMPL combinations: 1024
  Pilz PTP timeout:      10.00 s
  OMPL timeout:          3.00 s
  OMPL planner:          RRTConnect

[PLANNING PHASES]
  Phase 1: Pilz-PTP
    Attempts:         4 / 16
    Duration:         355.34 ms
    Result:           SUCCESS
    [Backtracking]
      Smart backtracks:   3
      Standard advances:  0
      Stage failures:     {step0:2, step3:1}
      MoveJ IK changes:   {step0:2, step1:1}

[PLANNING RESULT]
  Status:          SUCCESS
  Success planner: Pilz-PTP
  Success attempt: 4
  Success IK idx:  [2, 1]
  Total duration:  1625.01 ms

[BACKTRACK HISTORY] (last 3 events)
  #1 smart_backtrack: MoveL@0 failed -> changed MoveJ@0 IK 0->1
  #2 smart_backtrack: MoveL@0 failed -> changed MoveJ@0 IK 1->2
  #3 smart_backtrack: MoveL@3 failed -> changed MoveJ@1 IK 0->1

[ATTEMPT HISTORY] (4 attempts)
  Format: #attempt [phase] IK=[indices] -> result
  ---------------------------------------------------------------
  #  1 [Pilz-PTP] IK=[0,0] -> FAILED: MoveJ at step 0 (move_j_0) - Stage 'move_j_0' failed to find solution
  #  2 [Pilz-PTP] IK=[1,0] -> FAILED: MoveJ at step 0 (move_j_0) - Stage 'move_j_0' failed to find solution
  #  3 [Pilz-PTP] IK=[2,0] -> FAILED: MoveL at step 3 (move_l_3) - Stage 'move_l_3' failed to find solution
  #  4 [Pilz-PTP] IK=[2,1] -> SUCCESS

[EXECUTION]
  Trajectories:    5
  Duration:        17715.73 ms
  Status:          SUCCESS

[SUMMARY]
  2026-01-20T09:42:03.849 | PLAN_OK | EXEC_OK | Steps:5 | IK:1024 | Pilz-PTP@4 | BT:3/0 | Plan:1625.01ms | Exec:17715.73ms
================================================================================


================================================================================
PLANNING SESSION: db6b6c13
Timestamp: 2026-01-20T09:42:23.209
================================================================================

[INPUT]
  Total motion steps:    6
  MoveJ steps:           2
  MoveL steps:           4
  Gripper operations:    2
  IK solutions/step:     [32, 32]
  Total IK combinations: 1024

[MOVEJ IK DETAILS]
  Step 0 (robot2):
    Total IK found:       32
    Collision-free IK:    32
  Step 1 (robot1):
    Total IK found:       32
    Collision-free IK:    32

[CONFIG]
  Max Pilz combinations: 16
  Max OMPL combinations: 1024
  Pilz PTP timeout:      10.00 s
  OMPL timeout:          3.00 s
  OMPL planner:          RRTConnect

[PLANNING PHASES]
  Phase 1: Pilz-PTP
    Attempts:         1 / 16
    Duration:         172.31 ms
    Result:           SUCCESS

[PLANNING RESULT]
  Status:          SUCCESS
  Success planner: Pilz-PTP
  Success attempt: 1
  Success IK idx:  [0, 0]
  Total duration:  1709.76 ms

[ATTEMPT HISTORY] (1 attempts)
  Format: #attempt [phase] IK=[indices] -> result
  ---------------------------------------------------------------
  #  1 [Pilz-PTP] IK=[0,0] -> SUCCESS

[EXECUTION]
  Trajectories:    6
  Duration:        21200.87 ms
  Status:          SUCCESS

[SUMMARY]
  2026-01-20T09:42:23.209 | PLAN_OK | EXEC_OK | Steps:6 | IK:1024 | Pilz-PTP@1 | Plan:1709.76ms | Exec:21200.87ms
================================================================================


================================================================================
PLANNING SESSION: f76b0016
Timestamp: 2026-01-20T09:42:46.133
================================================================================

[INPUT]
  Total motion steps:    5
  MoveJ steps:           2
  MoveL steps:           3
  Gripper operations:    2
  IK solutions/step:     [32, 32]
  Total IK combinations: 1024

[MOVEJ IK DETAILS]
  Step 0 (robot2):
    Total IK found:       32
    Collision-free IK:    32
  Step 1 (robot1):
    Total IK found:       32
    Collision-free IK:    32

[CONFIG]
  Max Pilz combinations: 16
  Max OMPL combinations: 1024
  Pilz PTP timeout:      10.00 s
  OMPL timeout:          3.00 s
  OMPL planner:          RRTConnect

[PLANNING PHASES]
  Phase 1: Pilz-PTP
    Attempts:         16 / 16
    Duration:         963.34 ms
    Result:           FAILED
    [Backtracking]
      Smart backtracks:   16
      Standard advances:  0
      Stage failures:     {step1:9, step2:4, step3:3}
      MoveJ IK changes:   {step1:16}
  Phase 2: OMPL
    Attempts:         16 / 1024
    Duration:         11996.20 ms
    Result:           SUCCESS
    [Backtracking]
      Smart backtracks:   15
      Standard advances:  0
      Stage failures:     {step1:7, step2:4, step3:4}
      MoveJ IK changes:   {step1:15}

[PLANNING RESULT]
  Status:          SUCCESS
  Success planner: OMPL
  Success attempt: 16
  Success IK idx:  [0, 15]
  Total duration:  14421.99 ms

[BACKTRACK HISTORY] (last 31 events)
  #6 smart_backtrack: MoveL@2 failed -> changed MoveJ@1 IK 5->6
  #7 smart_backtrack: MoveL@2 failed -> changed MoveJ@1 IK 6->7
  #8 smart_backtrack: MoveL@2 failed -> changed MoveJ@1 IK 7->8
  #9 smart_backtrack: MoveL@1 failed -> changed MoveJ@1 IK 8->9
  #10 smart_backtrack: MoveL@1 failed -> changed MoveJ@1 IK 9->10
  #11 smart_backtrack: MoveL@1 failed -> changed MoveJ@1 IK 10->11
  #12 smart_backtrack: MoveL@1 failed -> changed MoveJ@1 IK 11->12
  #13 smart_backtrack: MoveL@1 failed -> changed MoveJ@1 IK 12->13
  #14 smart_backtrack: MoveL@1 failed -> changed MoveJ@1 IK 13->14
  #15 smart_backtrack: MoveL@1 failed -> changed MoveJ@1 IK 14->15

[ATTEMPT HISTORY] (32 attempts)
  Format: #attempt [phase] IK=[indices] -> result
  ---------------------------------------------------------------
  #  1 [Pilz-PTP] IK=[0,0] -> FAILED: MoveL at step 3 (move_l_3) - Stage 'move_l_3' failed to find solution
  #  2 [Pilz-PTP] IK=[0,1] -> FAILED: MoveL at step 3 (move_l_3) - Stage 'move_l_3' failed to find solution
  #  3 [Pilz-PTP] IK=[0,2] -> FAILED: MoveL at step 2 (move_l_2) - Stage 'move_l_2' failed to find solution
  #  4 [Pilz-PTP] IK=[0,3] -> FAILED: MoveJ at step 1 (move_j_1) - Stage 'move_j_1' failed to find solution
  #  5 [Pilz-PTP] IK=[0,4] -> FAILED: MoveL at step 3 (move_l_3) - Stage 'move_l_3' failed to find solution
  #  6 [Pilz-PTP] IK=[0,5] -> FAILED: MoveL at step 2 (move_l_2) - Stage 'move_l_2' failed to find solution
  #  7 [Pilz-PTP] IK=[0,6] -> FAILED: MoveL at step 2 (move_l_2) - Stage 'move_l_2' failed to find solution
  #  8 [Pilz-PTP] IK=[0,7] -> FAILED: MoveL at step 2 (move_l_2) - Stage 'move_l_2' failed to find solution
  #  9 [Pilz-PTP] IK=[0,8] -> FAILED: MoveJ at step 1 (move_j_1) - Stage 'move_j_1' failed to find solution
  # 10 [Pilz-PTP] IK=[0,9] -> FAILED: MoveJ at step 1 (move_j_1) - Stage 'move_j_1' failed to find solution
  # 11 [Pilz-PTP] IK=[0,10] -> FAILED: MoveJ at step 1 (move_j_1) - Stage 'move_j_1' failed to find solution
  # 12 [Pilz-PTP] IK=[0,11] -> FAILED: MoveJ at step 1 (move_j_1) - Stage 'move_j_1' failed to find solution
  # 13 [Pilz-PTP] IK=[0,12] -> FAILED: MoveJ at step 1 (move_j_1) - Stage 'move_j_1' failed to find solution
  # 14 [Pilz-PTP] IK=[0,13] -> FAILED: MoveJ at step 1 (move_j_1) - Stage 'move_j_1' failed to find solution
  # 15 [Pilz-PTP] IK=[0,14] -> FAILED: MoveJ at step 1 (move_j_1) - Stage 'move_j_1' failed to find solution
  # 16 [Pilz-PTP] IK=[0,15] -> FAILED: MoveJ at step 1 (move_j_1) - Stage 'move_j_1' failed to find solution
  #  1 [    OMPL] IK=[0,0] -> FAILED: MoveL at step 3 (move_l_3) - Stage 'move_l_3' failed to find solution
  #  2 [    OMPL] IK=[0,1] -> FAILED: MoveL at step 3 (move_l_3) - Stage 'move_l_3' failed to find solution
  #  3 [    OMPL] IK=[0,2] -> FAILED: MoveL at step 2 (move_l_2) - Stage 'move_l_2' failed to find solution
  #  4 [    OMPL] IK=[0,3] -> FAILED: MoveL at step 3 (move_l_3) - Stage 'move_l_3' failed to find solution
  #  5 [    OMPL] IK=[0,4] -> FAILED: MoveL at step 3 (move_l_3) - Stage 'move_l_3' failed to find solution
  #  6 [    OMPL] IK=[0,5] -> FAILED: MoveL at step 2 (move_l_2) - Stage 'move_l_2' failed to find solution
  #  7 [    OMPL] IK=[0,6] -> FAILED: MoveL at step 2 (move_l_2) - Stage 'move_l_2' failed to find solution
  #  8 [    OMPL] IK=[0,7] -> FAILED: MoveL at step 2 (move_l_2) - Stage 'move_l_2' failed to find solution
  #  9 [    OMPL] IK=[0,8] -> FAILED: MoveJ at step 1 (move_j_1) - Stage 'move_j_1' failed to find solution
  # 10 [    OMPL] IK=[0,9] -> FAILED: MoveJ at step 1 (move_j_1) - Stage 'move_j_1' failed to find solution
  # 11 [    OMPL] IK=[0,10] -> FAILED: MoveJ at step 1 (move_j_1) - Stage 'move_j_1' failed to find solution
  # 12 [    OMPL] IK=[0,11] -> FAILED: MoveJ at step 1 (move_j_1) - Stage 'move_j_1' failed to find solution
  # 13 [    OMPL] IK=[0,12] -> FAILED: MoveJ at step 1 (move_j_1) - Stage 'move_j_1' failed to find solution
  # 14 [    OMPL] IK=[0,13] -> FAILED: MoveJ at step 1 (move_j_1) - Stage 'move_j_1' failed to find solution
  # 15 [    OMPL] IK=[0,14] -> FAILED: MoveJ at step 1 (move_j_1) - Stage 'move_j_1' failed to find solution
  # 16 [    OMPL] IK=[0,15] -> SUCCESS

[EXECUTION]
  Trajectories:    5
  Duration:        23905.03 ms
  Status:          SUCCESS

[SUMMARY]
  2026-01-20T09:42:46.133 | PLAN_OK | EXEC_OK | Steps:5 | IK:1024 | OMPL@16 | BT:31/0 | Plan:14421.99ms | Exec:23905.03ms
================================================================================


================================================================================
PLANNING SESSION: 43c2d555
Timestamp: 2026-01-20T09:43:24.474
================================================================================

[INPUT]
  Total motion steps:    5
  MoveJ steps:           2
  MoveL steps:           3
  Gripper operations:    2
  IK solutions/step:     [32, 32]
  Total IK combinations: 1024

[MOVEJ IK DETAILS]
  Step 0 (robot2):
    Total IK found:       32
    Collision-free IK:    32
  Step 1 (robot1):
    Total IK found:       32
    Collision-free IK:    32

[CONFIG]
  Max Pilz combinations: 16
  Max OMPL combinations: 1024
  Pilz PTP timeout:      10.00 s
  OMPL timeout:          3.00 s
  OMPL planner:          RRTConnect

[PLANNING PHASES]
  Phase 1: Pilz-PTP
    Attempts:         1 / 16
    Duration:         177.42 ms
    Result:           SUCCESS

[PLANNING RESULT]
  Status:          SUCCESS
  Success planner: Pilz-PTP
  Success attempt: 1
  Success IK idx:  [0, 0]
  Total duration:  1586.75 ms

[ATTEMPT HISTORY] (1 attempts)
  Format: #attempt [phase] IK=[indices] -> result
  ---------------------------------------------------------------
  #  1 [Pilz-PTP] IK=[0,0] -> SUCCESS

[EXECUTION]
  Trajectories:    5
  Duration:        15954.78 ms
  Status:          SUCCESS

[SUMMARY]
  2026-01-20T09:43:24.474 | PLAN_OK | EXEC_OK | Steps:5 | IK:1024 | Pilz-PTP@1 | Plan:1586.75ms | Exec:15954.78ms
================================================================================


================================================================================
PLANNING SESSION: be626045
Timestamp: 2026-01-20T09:43:42.029
================================================================================

[INPUT]
  Total motion steps:    6
  MoveJ steps:           2
  MoveL steps:           4
  Gripper operations:    2
  IK solutions/step:     [32, 32]
  Total IK combinations: 1024

[MOVEJ IK DETAILS]
  Step 0 (robot1):
    Total IK found:       32
    Collision-free IK:    32
  Step 1 (robot2):
    Total IK found:       32
    Collision-free IK:    32

[CONFIG]
  Max Pilz combinations: 16
  Max OMPL combinations: 1024
  Pilz PTP timeout:      10.00 s
  OMPL timeout:          3.00 s
  OMPL planner:          RRTConnect

[PLANNING PHASES]
  Phase 1: Pilz-PTP
    Attempts:         1 / 16
    Duration:         170.58 ms
    Result:           SUCCESS

[PLANNING RESULT]
  Status:          SUCCESS
  Success planner: Pilz-PTP
  Success attempt: 1
  Success IK idx:  [0, 0]
  Total duration:  1752.62 ms

[ATTEMPT HISTORY] (1 attempts)
  Format: #attempt [phase] IK=[indices] -> result
  ---------------------------------------------------------------
  #  1 [Pilz-PTP] IK=[0,0] -> SUCCESS

[EXECUTION]
  Trajectories:    6
  Duration:        18297.61 ms
  Status:          SUCCESS

[SUMMARY]
  2026-01-20T09:43:42.029 | PLAN_OK | EXEC_OK | Steps:6 | IK:1024 | Pilz-PTP@1 | Plan:1752.62ms | Exec:18297.61ms
================================================================================


================================================================================
PLANNING SESSION: 53f11622
Timestamp: 2026-01-20T09:44:02.094
================================================================================

[INPUT]
  Total motion steps:    5
  MoveJ steps:           2
  MoveL steps:           3
  Gripper operations:    2
  IK solutions/step:     [32, 32]
  Total IK combinations: 1024

[MOVEJ IK DETAILS]
  Step 0 (robot1):
    Total IK found:       32
    Collision-free IK:    32
  Step 1 (robot2):
    Total IK found:       32
    Collision-free IK:    32

[CONFIG]
  Max Pilz combinations: 16
  Max OMPL combinations: 1024
  Pilz PTP timeout:      10.00 s
  OMPL timeout:          3.00 s
  OMPL planner:          RRTConnect

[PLANNING PHASES]
  Phase 1: Pilz-PTP
    Attempts:         1 / 16
    Duration:         164.70 ms
    Result:           SUCCESS

[PLANNING RESULT]
  Status:          SUCCESS
  Success planner: Pilz-PTP
  Success attempt: 1
  Success IK idx:  [0, 0]
  Total duration:  1351.75 ms

[ATTEMPT HISTORY] (1 attempts)
  Format: #attempt [phase] IK=[indices] -> result
  ---------------------------------------------------------------
  #  1 [Pilz-PTP] IK=[0,0] -> SUCCESS

[EXECUTION]
  Trajectories:    5
  Duration:        16665.23 ms
  Status:          SUCCESS

[SUMMARY]
  2026-01-20T09:44:02.094 | PLAN_OK | EXEC_OK | Steps:5 | IK:1024 | Pilz-PTP@1 | Plan:1351.75ms | Exec:16665.23ms
================================================================================


================================================================================
PLANNING SESSION: 162453fd
Timestamp: 2026-01-20T09:44:20.124
================================================================================

[INPUT]
  Total motion steps:    6
  MoveJ steps:           2
  MoveL steps:           4
  Gripper operations:    2
  IK solutions/step:     [32, 32]
  Total IK combinations: 1024

[MOVEJ IK DETAILS]
  Step 0 (robot2):
    Total IK found:       32
    Collision-free IK:    32
  Step 1 (robot1):
    Total IK found:       32
    Collision-free IK:    32

[CONFIG]
  Max Pilz combinations: 16
  Max OMPL combinations: 1024
  Pilz PTP timeout:      10.00 s
  OMPL timeout:          3.00 s
  OMPL planner:          RRTConnect

[PLANNING PHASES]
  Phase 1: Pilz-PTP
    Attempts:         1 / 16
    Duration:         168.60 ms
    Result:           SUCCESS

[PLANNING RESULT]
  Status:          SUCCESS
  Success planner: Pilz-PTP
  Success attempt: 1
  Success IK idx:  [0, 0]
  Total duration:  1715.44 ms

[ATTEMPT HISTORY] (1 attempts)
  Format: #attempt [phase] IK=[indices] -> result
  ---------------------------------------------------------------
  #  1 [Pilz-PTP] IK=[0,0] -> SUCCESS

[EXECUTION]
  Trajectories:    6
  Duration:        18241.29 ms
  Status:          SUCCESS

[SUMMARY]
  2026-01-20T09:44:20.124 | PLAN_OK | EXEC_OK | Steps:6 | IK:1024 | Pilz-PTP@1 | Plan:1715.44ms | Exec:18241.29ms
================================================================================


================================================================================
PLANNING SESSION: 1bb2653f
Timestamp: 2026-01-20T09:44:40.093
================================================================================

[INPUT]
  Total motion steps:    5
  MoveJ steps:           2
  MoveL steps:           3
  Gripper operations:    2
  IK solutions/step:     [32, 32]
  Total IK combinations: 1024

[MOVEJ IK DETAILS]
  Step 0 (robot2):
    Total IK found:       32
    Collision-free IK:    32
  Step 1 (robot1):
    Total IK found:       32
    Collision-free IK:    32

[CONFIG]
  Max Pilz combinations: 16
  Max OMPL combinations: 1024
  Pilz PTP timeout:      10.00 s
  OMPL timeout:          3.00 s
  OMPL planner:          RRTConnect

[PLANNING PHASES]
  Phase 1: Pilz-PTP
    Attempts:         1 / 16
    Duration:         171.00 ms
    Result:           SUCCESS

[PLANNING RESULT]
  Status:          SUCCESS
  Success planner: Pilz-PTP
  Success attempt: 1
  Success IK idx:  [0, 0]
  Total duration:  1690.44 ms

[ATTEMPT HISTORY] (1 attempts)
  Format: #attempt [phase] IK=[indices] -> result
  ---------------------------------------------------------------
  #  1 [Pilz-PTP] IK=[0,0] -> SUCCESS

[EXECUTION]
  Trajectories:    5
  Duration:        19847.50 ms
  Status:          SUCCESS

[SUMMARY]
  2026-01-20T09:44:40.093 | PLAN_OK | EXEC_OK | Steps:5 | IK:1024 | Pilz-PTP@1 | Plan:1690.44ms | Exec:19847.50ms
================================================================================


================================================================================
PLANNING SESSION: 94fee31e
Timestamp: 2026-01-20T09:45:01.646
================================================================================

[INPUT]
  Total motion steps:    5
  MoveJ steps:           2
  MoveL steps:           3
  Gripper operations:    2
  IK solutions/step:     [32, 32]
  Total IK combinations: 1024

[MOVEJ IK DETAILS]
  Step 0 (robot2):
    Total IK found:       32
    Collision-free IK:    32
  Step 1 (robot1):
    Total IK found:       32
    Collision-free IK:    32

[CONFIG]
  Max Pilz combinations: 16
  Max OMPL combinations: 1024
  Pilz PTP timeout:      10.00 s
  OMPL timeout:          3.00 s
  OMPL planner:          RRTConnect

[PLANNING PHASES]
  Phase 1: Pilz-PTP
    Attempts:         1 / 16
    Duration:         182.59 ms
    Result:           SUCCESS

[PLANNING RESULT]
  Status:          SUCCESS
  Success planner: Pilz-PTP
  Success attempt: 1
  Success IK idx:  [0, 0]
  Total duration:  1609.37 ms

[ATTEMPT HISTORY] (1 attempts)
  Format: #attempt [phase] IK=[indices] -> result
  ---------------------------------------------------------------
  #  1 [Pilz-PTP] IK=[0,0] -> SUCCESS

[EXECUTION]
  Trajectories:    5
  Duration:        22044.95 ms
  Status:          SUCCESS

[SUMMARY]
  2026-01-20T09:45:01.646 | PLAN_OK | EXEC_OK | Steps:5 | IK:1024 | Pilz-PTP@1 | Plan:1609.37ms | Exec:22044.95ms
================================================================================


================================================================================
PLANNING SESSION: 8efbfb97
Timestamp: 2026-01-20T09:45:25.317
================================================================================

[INPUT]
  Total motion steps:    6
  MoveJ steps:           2
  MoveL steps:           4
  Gripper operations:    2
  IK solutions/step:     [32, 32]
  Total IK combinations: 1024

[MOVEJ IK DETAILS]
  Step 0 (robot1):
    Total IK found:       32
    Collision-free IK:    32
  Step 1 (robot2):
    Total IK found:       32
    Collision-free IK:    32

[CONFIG]
  Max Pilz combinations: 16
  Max OMPL combinations: 1024
  Pilz PTP timeout:      10.00 s
  OMPL timeout:          3.00 s
  OMPL planner:          RRTConnect

[PLANNING PHASES]
  Phase 1: Pilz-PTP
    Attempts:         1 / 16
    Duration:         177.19 ms
    Result:           SUCCESS

[PLANNING RESULT]
  Status:          SUCCESS
  Success planner: Pilz-PTP
  Success attempt: 1
  Success IK idx:  [0, 0]
  Total duration:  1728.70 ms

[ATTEMPT HISTORY] (1 attempts)
  Format: #attempt [phase] IK=[indices] -> result
  ---------------------------------------------------------------
  #  1 [Pilz-PTP] IK=[0,0] -> SUCCESS

[EXECUTION]
  Trajectories:    6
  Duration:        18205.30 ms
  Status:          SUCCESS

[SUMMARY]
  2026-01-20T09:45:25.317 | PLAN_OK | EXEC_OK | Steps:6 | IK:1024 | Pilz-PTP@1 | Plan:1728.70ms | Exec:18205.30ms
================================================================================


================================================================================
PLANNING SESSION: 70ffe563
Timestamp: 2026-01-20T09:45:45.262
================================================================================

[INPUT]
  Total motion steps:    5
  MoveJ steps:           2
  MoveL steps:           3
  Gripper operations:    2
  IK solutions/step:     [32, 32]
  Total IK combinations: 1024

[MOVEJ IK DETAILS]
  Step 0 (robot1):
    Total IK found:       32
    Collision-free IK:    32
  Step 1 (robot2):
    Total IK found:       32
    Collision-free IK:    32

[CONFIG]
  Max Pilz combinations: 16
  Max OMPL combinations: 1024
  Pilz PTP timeout:      10.00 s
  OMPL timeout:          3.00 s
  OMPL planner:          RRTConnect

[PLANNING PHASES]
  Phase 1: Pilz-PTP
    Attempts:         1 / 16
    Duration:         173.85 ms
    Result:           SUCCESS

[PLANNING RESULT]
  Status:          SUCCESS
  Success planner: Pilz-PTP
  Success attempt: 1
  Success IK idx:  [0, 0]
  Total duration:  1307.01 ms

[ATTEMPT HISTORY] (1 attempts)
  Format: #attempt [phase] IK=[indices] -> result
  ---------------------------------------------------------------
  #  1 [Pilz-PTP] IK=[0,0] -> SUCCESS

[EXECUTION]
  Trajectories:    5
  Duration:        16771.96 ms
  Status:          SUCCESS

[SUMMARY]
  2026-01-20T09:45:45.262 | PLAN_OK | EXEC_OK | Steps:5 | IK:1024 | Pilz-PTP@1 | Plan:1307.01ms | Exec:16771.96ms
================================================================================


================================================================================
PLANNING SESSION: c4a8b645
Timestamp: 2026-01-20T09:46:03.354
================================================================================

[INPUT]
  Total motion steps:    5
  MoveJ steps:           2
  MoveL steps:           3
  Gripper operations:    2
  IK solutions/step:     [32, 32]
  Total IK combinations: 1024

[MOVEJ IK DETAILS]
  Step 0 (robot1):
    Total IK found:       32
    Collision-free IK:    32
  Step 1 (robot2):
    Total IK found:       32
    Collision-free IK:    32

[CONFIG]
  Max Pilz combinations: 16
  Max OMPL combinations: 1024
  Pilz PTP timeout:      10.00 s
  OMPL timeout:          3.00 s
  OMPL planner:          RRTConnect

[PLANNING PHASES]
  Phase 1: Pilz-PTP
    Attempts:         16 / 16
    Duration:         934.55 ms
    Result:           FAILED
    [Backtracking]
      Smart backtracks:   16
      Standard advances:  0
      Stage failures:     {step0:2, step1:12, step3:2}
      MoveJ IK changes:   {step0:2, step1:14}
  Phase 2: OMPL
    Attempts:         5 / 1024
    Duration:         1891.60 ms
    Result:           SUCCESS
    [Backtracking]
      Smart backtracks:   4
      Standard advances:  0
      Stage failures:     {step0:1, step3:3}
      MoveJ IK changes:   {step0:1, step1:3}

[PLANNING RESULT]
  Status:          SUCCESS
  Success planner: OMPL
  Success attempt: 5
  Success IK idx:  [1, 3]
  Total duration:  4093.19 ms

[BACKTRACK HISTORY] (last 20 events)
  #11 smart_backtrack: MoveL@1 failed -> changed MoveJ@1 IK 8->9
  #12 smart_backtrack: MoveL@1 failed -> changed MoveJ@1 IK 9->10
  #13 smart_backtrack: MoveL@1 failed -> changed MoveJ@1 IK 10->11
  #14 smart_backtrack: MoveL@1 failed -> changed MoveJ@1 IK 11->12
  #15 smart_backtrack: MoveL@1 failed -> changed MoveJ@1 IK 12->13
  #16 smart_backtrack: MoveL@1 failed -> changed MoveJ@1 IK 13->14
  #1 smart_backtrack: MoveL@0 failed -> changed MoveJ@0 IK 0->1
  #2 smart_backtrack: MoveL@3 failed -> changed MoveJ@1 IK 0->1
  #3 smart_backtrack: MoveL@3 failed -> changed MoveJ@1 IK 1->2
  #4 smart_backtrack: MoveL@3 failed -> changed MoveJ@1 IK 2->3

[ATTEMPT HISTORY] (21 attempts)
  Format: #attempt [phase] IK=[indices] -> result
  ---------------------------------------------------------------
  #  1 [Pilz-PTP] IK=[0,0] -> FAILED: MoveJ at step 0 (move_j_0) - Stage 'move_j_0' failed to find solution
  #  2 [Pilz-PTP] IK=[1,0] -> FAILED: MoveJ at step 0 (move_j_0) - Stage 'move_j_0' failed to find solution
  #  3 [Pilz-PTP] IK=[2,0] -> FAILED: MoveL at step 3 (move_l_3) - Stage 'move_l_3' failed to find solution
  #  4 [Pilz-PTP] IK=[2,1] -> FAILED: MoveL at step 3 (move_l_3) - Stage 'move_l_3' failed to find solution
  #  5 [Pilz-PTP] IK=[2,2] -> FAILED: MoveJ at step 1 (move_j_1) - Stage 'move_j_1' failed to find solution
  #  6 [Pilz-PTP] IK=[2,3] -> FAILED: MoveJ at step 1 (move_j_1) - Stage 'move_j_1' failed to find solution
  #  7 [Pilz-PTP] IK=[2,4] -> FAILED: MoveJ at step 1 (move_j_1) - Stage 'move_j_1' failed to find solution
  #  8 [Pilz-PTP] IK=[2,5] -> FAILED: MoveJ at step 1 (move_j_1) - Stage 'move_j_1' failed to find solution
  #  9 [Pilz-PTP] IK=[2,6] -> FAILED: MoveJ at step 1 (move_j_1) - Stage 'move_j_1' failed to find solution
  # 10 [Pilz-PTP] IK=[2,7] -> FAILED: MoveJ at step 1 (move_j_1) - Stage 'move_j_1' failed to find solution
  # 11 [Pilz-PTP] IK=[2,8] -> FAILED: MoveJ at step 1 (move_j_1) - Stage 'move_j_1' failed to find solution
  # 12 [Pilz-PTP] IK=[2,9] -> FAILED: MoveJ at step 1 (move_j_1) - Stage 'move_j_1' failed to find solution
  # 13 [Pilz-PTP] IK=[2,10] -> FAILED: MoveJ at step 1 (move_j_1) - Stage 'move_j_1' failed to find solution
  # 14 [Pilz-PTP] IK=[2,11] -> FAILED: MoveJ at step 1 (move_j_1) - Stage 'move_j_1' failed to find solution
  # 15 [Pilz-PTP] IK=[2,12] -> FAILED: MoveJ at step 1 (move_j_1) - Stage 'move_j_1' failed to find solution
  # 16 [Pilz-PTP] IK=[2,13] -> FAILED: MoveJ at step 1 (move_j_1) - Stage 'move_j_1' failed to find solution
  #  1 [    OMPL] IK=[0,0] -> FAILED: MoveJ at step 0 (move_j_0) - Stage 'move_j_0' failed to find solution
  #  2 [    OMPL] IK=[1,0] -> FAILED: MoveL at step 3 (move_l_3) - Stage 'move_l_3' failed to find solution
  #  3 [    OMPL] IK=[1,1] -> FAILED: MoveL at step 3 (move_l_3) - Stage 'move_l_3' failed to find solution
  #  4 [    OMPL] IK=[1,2] -> FAILED: MoveL at step 3 (move_l_3) - Stage 'move_l_3' failed to find solution
  #  5 [    OMPL] IK=[1,3] -> SUCCESS

[EXECUTION]
  Trajectories:    5
  Duration:        19793.25 ms
  Status:          SUCCESS

[SUMMARY]
  2026-01-20T09:46:03.354 | PLAN_OK | EXEC_OK | Steps:5 | IK:1024 | OMPL@5 | BT:20/0 | Plan:4093.19ms | Exec:19793.25ms
================================================================================


================================================================================
PLANNING SESSION: 0ffca784
Timestamp: 2026-01-20T09:46:27.256
================================================================================

[INPUT]
  Total motion steps:    6
  MoveJ steps:           2
  MoveL steps:           4
  Gripper operations:    2
  IK solutions/step:     [32, 32]
  Total IK combinations: 1024

[MOVEJ IK DETAILS]
  Step 0 (robot2):
    Total IK found:       32
    Collision-free IK:    32
  Step 1 (robot1):
    Total IK found:       32
    Collision-free IK:    32

[CONFIG]
  Max Pilz combinations: 16
  Max OMPL combinations: 1024
  Pilz PTP timeout:      10.00 s
  OMPL timeout:          3.00 s
  OMPL planner:          RRTConnect

[PLANNING PHASES]
  Phase 1: Pilz-PTP
    Attempts:         1 / 16
    Duration:         164.07 ms
    Result:           SUCCESS

[PLANNING RESULT]
  Status:          SUCCESS
  Success planner: Pilz-PTP
  Success attempt: 1
  Success IK idx:  [0, 0]
  Total duration:  1760.63 ms

[ATTEMPT HISTORY] (1 attempts)
  Format: #attempt [phase] IK=[indices] -> result
  ---------------------------------------------------------------
  #  1 [Pilz-PTP] IK=[0,0] -> SUCCESS

[EXECUTION]
  Trajectories:    6
  Duration:        15643.08 ms
  Status:          SUCCESS

[SUMMARY]
  2026-01-20T09:46:27.256 | PLAN_OK | EXEC_OK | Steps:6 | IK:1024 | Pilz-PTP@1 | Plan:1760.63ms | Exec:15643.08ms
================================================================================


================================================================================
PLANNING SESSION: cff2de41
Timestamp: 2026-01-20T09:46:44.678
================================================================================

[INPUT]
  Total motion steps:    5
  MoveJ steps:           2
  MoveL steps:           3
  Gripper operations:    2
  IK solutions/step:     [32, 32]
  Total IK combinations: 1024

[MOVEJ IK DETAILS]
  Step 0 (robot2):
    Total IK found:       32
    Collision-free IK:    32
  Step 1 (robot1):
    Total IK found:       32
    Collision-free IK:    32

[CONFIG]
  Max Pilz combinations: 16
  Max OMPL combinations: 1024
  Pilz PTP timeout:      10.00 s
  OMPL timeout:          3.00 s
  OMPL planner:          RRTConnect

[PLANNING PHASES]
  Phase 1: Pilz-PTP
    Attempts:         1 / 16
    Duration:         167.78 ms
    Result:           SUCCESS

[PLANNING RESULT]
  Status:          SUCCESS
  Success planner: Pilz-PTP
  Success attempt: 1
  Success IK idx:  [0, 0]
  Total duration:  1518.55 ms

[ATTEMPT HISTORY] (1 attempts)
  Format: #attempt [phase] IK=[indices] -> result
  ---------------------------------------------------------------
  #  1 [Pilz-PTP] IK=[0,0] -> SUCCESS

[EXECUTION]
  Trajectories:    5
  Duration:        16694.18 ms
  Status:          SUCCESS

[SUMMARY]
  2026-01-20T09:46:44.678 | PLAN_OK | EXEC_OK | Steps:5 | IK:1024 | Pilz-PTP@1 | Plan:1518.55ms | Exec:16694.18ms
================================================================================


================================================================================
PLANNING SESSION: a4ffb132
Timestamp: 2026-01-20T09:47:02.904
================================================================================

[INPUT]
  Total motion steps:    6
  MoveJ steps:           2
  MoveL steps:           4
  Gripper operations:    2
  IK solutions/step:     [32, 32]
  Total IK combinations: 1024

[MOVEJ IK DETAILS]
  Step 0 (robot1):
    Total IK found:       32
    Collision-free IK:    32
  Step 1 (robot2):
    Total IK found:       32
    Collision-free IK:    32

[CONFIG]
  Max Pilz combinations: 16
  Max OMPL combinations: 1024
  Pilz PTP timeout:      10.00 s
  OMPL timeout:          3.00 s
  OMPL planner:          RRTConnect

[PLANNING PHASES]
  Phase 1: Pilz-PTP
    Attempts:         1 / 16
    Duration:         170.05 ms
    Result:           SUCCESS

[PLANNING RESULT]
  Status:          SUCCESS
  Success planner: Pilz-PTP
  Success attempt: 1
  Success IK idx:  [0, 0]
  Total duration:  1729.58 ms

[ATTEMPT HISTORY] (1 attempts)
  Format: #attempt [phase] IK=[indices] -> result
  ---------------------------------------------------------------
  #  1 [Pilz-PTP] IK=[0,0] -> SUCCESS

[EXECUTION]
  Trajectories:    6
  Duration:        18296.20 ms
  Status:          SUCCESS

[SUMMARY]
  2026-01-20T09:47:02.904 | PLAN_OK | EXEC_OK | Steps:6 | IK:1024 | Pilz-PTP@1 | Plan:1729.58ms | Exec:18296.20ms
================================================================================


================================================================================
PLANNING SESSION: 9197259f
Timestamp: 2026-01-20T09:47:22.946
================================================================================

[INPUT]
  Total motion steps:    5
  MoveJ steps:           2
  MoveL steps:           3
  Gripper operations:    2
  IK solutions/step:     [32, 32]
  Total IK combinations: 1024

[MOVEJ IK DETAILS]
  Step 0 (robot1):
    Total IK found:       32
    Collision-free IK:    32
  Step 1 (robot2):
    Total IK found:       32
    Collision-free IK:    32

[CONFIG]
  Max Pilz combinations: 16
  Max OMPL combinations: 1024
  Pilz PTP timeout:      10.00 s
  OMPL timeout:          3.00 s
  OMPL planner:          RRTConnect

[PLANNING PHASES]
  Phase 1: Pilz-PTP
    Attempts:         1 / 16
    Duration:         164.87 ms
    Result:           SUCCESS

[PLANNING RESULT]
  Status:          SUCCESS
  Success planner: Pilz-PTP
  Success attempt: 1
  Success IK idx:  [0, 0]
  Total duration:  1420.51 ms

[ATTEMPT HISTORY] (1 attempts)
  Format: #attempt [phase] IK=[indices] -> result
  ---------------------------------------------------------------
  #  1 [Pilz-PTP] IK=[0,0] -> SUCCESS

[EXECUTION]
  Trajectories:    5
  Duration:        16657.11 ms
  Status:          SUCCESS

[SUMMARY]
  2026-01-20T09:47:22.946 | PLAN_OK | EXEC_OK | Steps:5 | IK:1024 | Pilz-PTP@1 | Plan:1420.51ms | Exec:16657.11ms
================================================================================


================================================================================
PLANNING SESSION: ed1c0df6
Timestamp: 2026-01-20T09:47:41.040
================================================================================

[INPUT]
  Total motion steps:    6
  MoveJ steps:           2
  MoveL steps:           4
  Gripper operations:    2
  IK solutions/step:     [32, 32]
  Total IK combinations: 1024

[MOVEJ IK DETAILS]
  Step 0 (robot2):
    Total IK found:       32
    Collision-free IK:    32
  Step 1 (robot1):
    Total IK found:       32
    Collision-free IK:    32

[CONFIG]
  Max Pilz combinations: 16
  Max OMPL combinations: 1024
  Pilz PTP timeout:      10.00 s
  OMPL timeout:          3.00 s
  OMPL planner:          RRTConnect

[PLANNING PHASES]
  Phase 1: Pilz-PTP
    Attempts:         13 / 16
    Duration:         858.84 ms
    Result:           SUCCESS
    [Backtracking]
      Smart backtracks:   12
      Standard advances:  0
      Stage failures:     {step0:11, step2:1}
      MoveJ IK changes:   {step0:12}

[PLANNING RESULT]
  Status:          SUCCESS
  Success planner: Pilz-PTP
  Success attempt: 13
  Success IK idx:  [12, 0]
  Total duration:  2481.59 ms

[BACKTRACK HISTORY] (last 12 events)
  #3 smart_backtrack: MoveL@2 failed -> changed MoveJ@0 IK 2->3
  #4 smart_backtrack: MoveL@0 failed -> changed MoveJ@0 IK 3->4
  #5 smart_backtrack: MoveL@0 failed -> changed MoveJ@0 IK 4->5
  #6 smart_backtrack: MoveL@0 failed -> changed MoveJ@0 IK 5->6
  #7 smart_backtrack: MoveL@0 failed -> changed MoveJ@0 IK 6->7
  #8 smart_backtrack: MoveL@0 failed -> changed MoveJ@0 IK 7->8
  #9 smart_backtrack: MoveL@0 failed -> changed MoveJ@0 IK 8->9
  #10 smart_backtrack: MoveL@0 failed -> changed MoveJ@0 IK 9->10
  #11 smart_backtrack: MoveL@0 failed -> changed MoveJ@0 IK 10->11
  #12 smart_backtrack: MoveL@0 failed -> changed MoveJ@0 IK 11->12

[ATTEMPT HISTORY] (13 attempts)
  Format: #attempt [phase] IK=[indices] -> result
  ---------------------------------------------------------------
  #  1 [Pilz-PTP] IK=[0,0] -> FAILED: MoveJ at step 0 (move_j_0) - Stage 'move_j_0' failed to find solution
  #  2 [Pilz-PTP] IK=[1,0] -> FAILED: MoveJ at step 0 (move_j_0) - Stage 'move_j_0' failed to find solution
  #  3 [Pilz-PTP] IK=[2,0] -> FAILED: MoveL at step 2 (move_l_2) - Stage 'move_l_2' failed to find solution
  #  4 [Pilz-PTP] IK=[3,0] -> FAILED: MoveJ at step 0 (move_j_0) - Stage 'move_j_0' failed to find solution
  #  5 [Pilz-PTP] IK=[4,0] -> FAILED: MoveJ at step 0 (move_j_0) - Stage 'move_j_0' failed to find solution
  #  6 [Pilz-PTP] IK=[5,0] -> FAILED: MoveJ at step 0 (move_j_0) - Stage 'move_j_0' failed to find solution
  #  7 [Pilz-PTP] IK=[6,0] -> FAILED: MoveJ at step 0 (move_j_0) - Stage 'move_j_0' failed to find solution
  #  8 [Pilz-PTP] IK=[7,0] -> FAILED: MoveJ at step 0 (move_j_0) - Stage 'move_j_0' failed to find solution
  #  9 [Pilz-PTP] IK=[8,0] -> FAILED: MoveJ at step 0 (move_j_0) - Stage 'move_j_0' failed to find solution
  # 10 [Pilz-PTP] IK=[9,0] -> FAILED: MoveJ at step 0 (move_j_0) - Stage 'move_j_0' failed to find solution
  # 11 [Pilz-PTP] IK=[10,0] -> FAILED: MoveJ at step 0 (move_j_0) - Stage 'move_j_0' failed to find solution
  # 12 [Pilz-PTP] IK=[11,0] -> FAILED: MoveJ at step 0 (move_j_0) - Stage 'move_j_0' failed to find solution
  # 13 [Pilz-PTP] IK=[12,0] -> SUCCESS

[EXECUTION]
  Trajectories:    6
  Duration:        23947.85 ms
  Status:          SUCCESS

[SUMMARY]
  2026-01-20T09:47:41.040 | PLAN_OK | EXEC_OK | Steps:6 | IK:1024 | Pilz-PTP@13 | BT:12/0 | Plan:2481.59ms | Exec:23947.85ms
================================================================================


================================================================================
PLANNING SESSION: 79608afd
Timestamp: 2026-01-20T09:48:07.483
================================================================================

[INPUT]
  Total motion steps:    3
  MoveJ steps:           1
  MoveL steps:           2
  Gripper operations:    1
  IK solutions/step:     [32]
  Total IK combinations: 32

[MOVEJ IK DETAILS]
  Step 0 (robot2):
    Total IK found:       32
    Collision-free IK:    32

[CONFIG]
  Max Pilz combinations: 16
  Max OMPL combinations: 1024
  Pilz PTP timeout:      10.00 s
  OMPL timeout:          3.00 s
  OMPL planner:          RRTConnect

[PLANNING PHASES]
  Phase 1: Pilz-PTP
    Attempts:         1 / 12
    Duration:         152.55 ms
    Result:           SUCCESS

[PLANNING RESULT]
  Status:          SUCCESS
  Success planner: Pilz-PTP
  Success attempt: 1
  Success IK idx:  [1]
  Total duration:  210.01 ms

[ATTEMPT HISTORY] (1 attempts)
  Format: #attempt [phase] IK=[indices] -> result
  ---------------------------------------------------------------
  #  1 [Pilz-PTP] IK=[1] -> SUCCESS

[EXECUTION]
  Trajectories:    3
  Duration:        10366.47 ms
  Status:          SUCCESS

[SUMMARY]
  2026-01-20T09:48:07.483 | PLAN_OK | EXEC_OK | Steps:3 | IK:32 | Pilz-PTP@1 | Plan:210.01ms | Exec:10366.47ms
================================================================================


================================================================================
PLANNING SESSION: 17e71131
Timestamp: 2026-01-20T09:48:41.514
================================================================================

[INPUT]
  Total motion steps:    1
  MoveJ steps:           1
  MoveL steps:           0
  Gripper operations:    2
  IK solutions/step:     [32]
  Total IK combinations: 32

[MOVEJ IK DETAILS]
  Step 0 (robot1):
    Total IK found:       32
    Collision-free IK:    32

[CONFIG]
  Max Pilz combinations: 16
  Max OMPL combinations: 1024
  Pilz PTP timeout:      10.00 s
  OMPL timeout:          3.00 s
  OMPL planner:          RRTConnect

[PLANNING PHASES]
  Phase 1: Pilz-PTP
    Attempts:         1 / 16
    Duration:         141.84 ms
    Result:           SUCCESS

[PLANNING RESULT]
  Status:          SUCCESS
  Success planner: Pilz-PTP
  Success attempt: 1
  Success IK idx:  [0]
  Total duration:  186.85 ms

[ATTEMPT HISTORY] (1 attempts)
  Format: #attempt [phase] IK=[indices] -> result
  ---------------------------------------------------------------
  #  1 [Pilz-PTP] IK=[0] -> SUCCESS

[EXECUTION]
  Trajectories:    1
  Duration:        3345.84 ms
  Status:          SUCCESS

[SUMMARY]
  2026-01-20T09:48:41.514 | PLAN_OK | EXEC_OK | Steps:1 | IK:32 | Pilz-PTP@1 | Plan:186.85ms | Exec:3345.84ms
================================================================================


================================================================================
PLANNING SESSION: 5abb1bf6
Timestamp: 2026-01-20T09:48:45.068
================================================================================

[INPUT]
  Total motion steps:    3
  MoveJ steps:           1
  MoveL steps:           2
  Gripper operations:    1
  IK solutions/step:     [32]
  Total IK combinations: 32

[MOVEJ IK DETAILS]
  Step 0 (robot2):
    Total IK found:       32
    Collision-free IK:    32

[CONFIG]
  Max Pilz combinations: 16
  Max OMPL combinations: 1024
  Pilz PTP timeout:      10.00 s
  OMPL timeout:          3.00 s
  OMPL planner:          RRTConnect

[PLANNING PHASES]
  Phase 1: Pilz-PTP
    Attempts:         1 / 16
    Duration:         150.75 ms
    Result:           SUCCESS

[PLANNING RESULT]
  Status:          SUCCESS
  Success planner: Pilz-PTP
  Success attempt: 1
  Success IK idx:  [0]
  Total duration:  242.35 ms

[ATTEMPT HISTORY] (1 attempts)
  Format: #attempt [phase] IK=[indices] -> result
  ---------------------------------------------------------------
  #  1 [Pilz-PTP] IK=[0] -> SUCCESS

[EXECUTION]
  Trajectories:    3
  Duration:        6370.03 ms
  Status:          SUCCESS

[SUMMARY]
  2026-01-20T09:48:45.068 | PLAN_OK | EXEC_OK | Steps:3 | IK:32 | Pilz-PTP@1 | Plan:242.35ms | Exec:6370.03ms
================================================================================


================================================================================
PLANNING SESSION: 234ed62b
Timestamp: 2026-01-20T09:48:51.694
================================================================================

[INPUT]
  Total motion steps:    1
  MoveJ steps:           1
  MoveL steps:           0
  Gripper operations:    0
  IK solutions/step:     [32]
  Total IK combinations: 32

[MOVEJ IK DETAILS]
  Step 0 (robot2):
    Total IK found:       32
    Collision-free IK:    32

[CONFIG]
  Max Pilz combinations: 16
  Max OMPL combinations: 1024
  Pilz PTP timeout:      10.00 s
  OMPL timeout:          3.00 s
  OMPL planner:          RRTConnect

[PLANNING PHASES]
  Phase 1: Pilz-PTP
    Attempts:         1 / 16
    Duration:         144.46 ms
    Result:           SUCCESS

[PLANNING RESULT]
  Status:          SUCCESS
  Success planner: Pilz-PTP
  Success attempt: 1
  Success IK idx:  [0]
  Total duration:  187.46 ms

[ATTEMPT HISTORY] (1 attempts)
  Format: #attempt [phase] IK=[indices] -> result
  ---------------------------------------------------------------
  #  1 [Pilz-PTP] IK=[0] -> SUCCESS

[EXECUTION]
  Trajectories:    1
  Duration:        3990.12 ms
  Status:          SUCCESS

[SUMMARY]
  2026-01-20T09:48:51.694 | PLAN_OK | EXEC_OK | Steps:1 | IK:32 | Pilz-PTP@1 | Plan:187.46ms | Exec:3990.12ms
================================================================================


================================================================================
PLANNING SESSION: 5bfb7309
Timestamp: 2026-01-20T09:48:56.113
================================================================================

[INPUT]
  Total motion steps:    1
  MoveJ steps:           1
  MoveL steps:           0
  Gripper operations:    0
  IK solutions/step:     [32]
  Total IK combinations: 32

[MOVEJ IK DETAILS]
  Step 0 (robot2):
    Total IK found:       32
    Collision-free IK:    32

[CONFIG]
  Max Pilz combinations: 16
  Max OMPL combinations: 1024
  Pilz PTP timeout:      10.00 s
  OMPL timeout:          3.00 s
  OMPL planner:          RRTConnect

[PLANNING PHASES]
  Phase 1: Pilz-PTP
    Attempts:         1 / 16
    Duration:         142.65 ms
    Result:           SUCCESS

[PLANNING RESULT]
  Status:          SUCCESS
  Success planner: Pilz-PTP
  Success attempt: 1
  Success IK idx:  [0]
  Total duration:  178.16 ms

[ATTEMPT HISTORY] (1 attempts)
  Format: #attempt [phase] IK=[indices] -> result
  ---------------------------------------------------------------
  #  1 [Pilz-PTP] IK=[0] -> SUCCESS

[EXECUTION]
  Trajectories:    1
  Duration:        3784.53 ms
  Status:          SUCCESS

[SUMMARY]
  2026-01-20T09:48:56.113 | PLAN_OK | EXEC_OK | Steps:1 | IK:32 | Pilz-PTP@1 | Plan:178.16ms | Exec:3784.53ms
================================================================================


================================================================================
PLANNING SESSION: caa2d92d
Timestamp: 2026-01-20T09:49:00.315
================================================================================

[INPUT]
  Total motion steps:    1
  MoveJ steps:           1
  MoveL steps:           0
  Gripper operations:    0
  IK solutions/step:     [32]
  Total IK combinations: 32

[MOVEJ IK DETAILS]
  Step 0 (robot2):
    Total IK found:       32
    Collision-free IK:    32

[CONFIG]
  Max Pilz combinations: 16
  Max OMPL combinations: 1024
  Pilz PTP timeout:      10.00 s
  OMPL timeout:          3.00 s
  OMPL planner:          RRTConnect

[PLANNING PHASES]
  Phase 1: Pilz-PTP
    Attempts:         1 / 16
    Duration:         136.40 ms
    Result:           SUCCESS

[PLANNING RESULT]
  Status:          SUCCESS
  Success planner: Pilz-PTP
  Success attempt: 1
  Success IK idx:  [0]
  Total duration:  182.58 ms

[ATTEMPT HISTORY] (1 attempts)
  Format: #attempt [phase] IK=[indices] -> result
  ---------------------------------------------------------------
  #  1 [Pilz-PTP] IK=[0] -> SUCCESS

[EXECUTION]
  Trajectories:    1
  Duration:        2482.66 ms
  Status:          SUCCESS

[SUMMARY]
  2026-01-20T09:49:00.315 | PLAN_OK | EXEC_OK | Steps:1 | IK:32 | Pilz-PTP@1 | Plan:182.58ms | Exec:2482.66ms
================================================================================


================================================================================
PLANNING SESSION: 0fcc6a6a
Timestamp: 2026-01-20T09:49:03.185
================================================================================

[INPUT]
  Total motion steps:    6
  MoveJ steps:           2
  MoveL steps:           4
  Gripper operations:    2
  IK solutions/step:     [32, 32]
  Total IK combinations: 1024

[MOVEJ IK DETAILS]
  Step 0 (robot1):
    Total IK found:       32
    Collision-free IK:    32
  Step 1 (robot2):
    Total IK found:       32
    Collision-free IK:    32

[CONFIG]
  Max Pilz combinations: 16
  Max OMPL combinations: 1024
  Pilz PTP timeout:      10.00 s
  OMPL timeout:          3.00 s
  OMPL planner:          RRTConnect

[PLANNING PHASES]
  Phase 1: Pilz-PTP
    Attempts:         1 / 16
    Duration:         164.20 ms
    Result:           SUCCESS

[PLANNING RESULT]
  Status:          SUCCESS
  Success planner: Pilz-PTP
  Success attempt: 1
  Success IK idx:  [0, 0]
  Total duration:  1725.92 ms

[ATTEMPT HISTORY] (1 attempts)
  Format: #attempt [phase] IK=[indices] -> result
  ---------------------------------------------------------------
  #  1 [Pilz-PTP] IK=[0,0] -> SUCCESS

[EXECUTION]
  Trajectories:    6
  Duration:        20099.35 ms
  Status:          SUCCESS

[SUMMARY]
  2026-01-20T09:49:03.185 | PLAN_OK | EXEC_OK | Steps:6 | IK:1024 | Pilz-PTP@1 | Plan:1725.92ms | Exec:20099.35ms
================================================================================


================================================================================
PLANNING SESSION: 24e4cef2
Timestamp: 2026-01-20T09:49:25.025
================================================================================

[INPUT]
  Total motion steps:    1
  MoveJ steps:           1
  MoveL steps:           0
  Gripper operations:    0
  IK solutions/step:     [32]
  Total IK combinations: 32

[MOVEJ IK DETAILS]
  Step 0 (robot1):
    Total IK found:       32
    Collision-free IK:    32

[CONFIG]
  Max Pilz combinations: 16
  Max OMPL combinations: 1024
  Pilz PTP timeout:      10.00 s
  OMPL timeout:          3.00 s
  OMPL planner:          RRTConnect

[PLANNING PHASES]
  Phase 1: Pilz-PTP
    Attempts:         1 / 16
    Duration:         136.13 ms
    Result:           SUCCESS

[PLANNING RESULT]
  Status:          SUCCESS
  Success planner: Pilz-PTP
  Success attempt: 1
  Success IK idx:  [0]
  Total duration:  178.86 ms

[ATTEMPT HISTORY] (1 attempts)
  Format: #attempt [phase] IK=[indices] -> result
  ---------------------------------------------------------------
  #  1 [Pilz-PTP] IK=[0] -> SUCCESS

[EXECUTION]
  Trajectories:    1
  Duration:        3437.05 ms
  Status:          SUCCESS

[SUMMARY]
  2026-01-20T09:49:25.025 | PLAN_OK | EXEC_OK | Steps:1 | IK:32 | Pilz-PTP@1 | Plan:178.86ms | Exec:3437.05ms
================================================================================


================================================================================
PLANNING SESSION: 5742a948
Timestamp: 2026-01-20T09:49:28.837
================================================================================

[INPUT]
  Total motion steps:    1
  MoveJ steps:           1
  MoveL steps:           0
  Gripper operations:    0
  IK solutions/step:     [32]
  Total IK combinations: 32

[MOVEJ IK DETAILS]
  Step 0 (robot1):
    Total IK found:       32
    Collision-free IK:    32

[CONFIG]
  Max Pilz combinations: 16
  Max OMPL combinations: 1024
  Pilz PTP timeout:      10.00 s
  OMPL timeout:          3.00 s
  OMPL planner:          RRTConnect

[PLANNING PHASES]
  Phase 1: Pilz-PTP
    Attempts:         1 / 16
    Duration:         137.69 ms
    Result:           SUCCESS

[PLANNING RESULT]
  Status:          SUCCESS
  Success planner: Pilz-PTP
  Success attempt: 1
  Success IK idx:  [0]
  Total duration:  181.87 ms

[ATTEMPT HISTORY] (1 attempts)
  Format: #attempt [phase] IK=[indices] -> result
  ---------------------------------------------------------------
  #  1 [Pilz-PTP] IK=[0] -> SUCCESS

[EXECUTION]
  Trajectories:    1
  Duration:        4940.07 ms
  Status:          SUCCESS

[SUMMARY]
  2026-01-20T09:49:28.837 | PLAN_OK | EXEC_OK | Steps:1 | IK:32 | Pilz-PTP@1 | Plan:181.87ms | Exec:4940.07ms
================================================================================


================================================================================
PLANNING SESSION: 2ccb0b13
Timestamp: 2026-01-20T09:49:34.206
================================================================================

[INPUT]
  Total motion steps:    1
  MoveJ steps:           1
  MoveL steps:           0
  Gripper operations:    0
  IK solutions/step:     [32]
  Total IK combinations: 32

[MOVEJ IK DETAILS]
  Step 0 (robot1):
    Total IK found:       32
    Collision-free IK:    32

[CONFIG]
  Max Pilz combinations: 16
  Max OMPL combinations: 1024
  Pilz PTP timeout:      10.00 s
  OMPL timeout:          3.00 s
  OMPL planner:          RRTConnect

[PLANNING PHASES]
  Phase 1: Pilz-PTP
    Attempts:         1 / 16
    Duration:         139.07 ms
    Result:           SUCCESS

[PLANNING RESULT]
  Status:          SUCCESS
  Success planner: Pilz-PTP
  Success attempt: 1
  Success IK idx:  [0]
  Total duration:  182.23 ms

[ATTEMPT HISTORY] (1 attempts)
  Format: #attempt [phase] IK=[indices] -> result
  ---------------------------------------------------------------
  #  1 [Pilz-PTP] IK=[0] -> SUCCESS

[EXECUTION]
  Trajectories:    1
  Duration:        3783.84 ms
  Status:          SUCCESS

[SUMMARY]
  2026-01-20T09:49:34.206 | PLAN_OK | EXEC_OK | Steps:1 | IK:32 | Pilz-PTP@1 | Plan:182.23ms | Exec:3783.84ms
================================================================================


================================================================================
PLANNING SESSION: 94f53a7a
Timestamp: 2026-01-20T09:49:38.382
================================================================================

[INPUT]
  Total motion steps:    6
  MoveJ steps:           2
  MoveL steps:           4
  Gripper operations:    2
  IK solutions/step:     [32, 32]
  Total IK combinations: 1024

[MOVEJ IK DETAILS]
  Step 0 (robot2):
    Total IK found:       32
    Collision-free IK:    32
  Step 1 (robot1):
    Total IK found:       32
    Collision-free IK:    32

[CONFIG]
  Max Pilz combinations: 16
  Max OMPL combinations: 1024
  Pilz PTP timeout:      10.00 s
  OMPL timeout:          3.00 s
  OMPL planner:          RRTConnect

[PLANNING PHASES]
  Phase 1: Pilz-PTP
    Attempts:         3 / 16
    Duration:         248.32 ms
    Result:           SUCCESS
    [Backtracking]
      Smart backtracks:   2
      Standard advances:  0
      Stage failures:     {step1:1, step3:1}
      MoveJ IK changes:   {step1:2}

[PLANNING RESULT]
  Status:          SUCCESS
  Success planner: Pilz-PTP
  Success attempt: 3
  Success IK idx:  [0, 2]
  Total duration:  1844.37 ms

[BACKTRACK HISTORY] (last 2 events)
  #1 smart_backtrack: MoveL@3 failed -> changed MoveJ@1 IK 0->1
  #2 smart_backtrack: MoveL@1 failed -> changed MoveJ@1 IK 1->2

[ATTEMPT HISTORY] (3 attempts)
  Format: #attempt [phase] IK=[indices] -> result
  ---------------------------------------------------------------
  #  1 [Pilz-PTP] IK=[0,0] -> FAILED: MoveL at step 3 (move_l_3) - Stage 'move_l_3' failed to find solution
  #  2 [Pilz-PTP] IK=[0,1] -> FAILED: MoveJ at step 1 (move_j_1) - Stage 'move_j_1' failed to find solution
  #  3 [Pilz-PTP] IK=[0,2] -> SUCCESS

[EXECUTION]
  Trajectories:    6
  Duration:        18494.49 ms
  Status:          SUCCESS

[SUMMARY]
  2026-01-20T09:49:38.382 | PLAN_OK | EXEC_OK | Steps:6 | IK:1024 | Pilz-PTP@3 | BT:2/0 | Plan:1844.37ms | Exec:18494.49ms
================================================================================


================================================================================
PLANNING SESSION: e139e143
Timestamp: 2026-01-20T09:49:58.733
================================================================================

[INPUT]
  Total motion steps:    5
  MoveJ steps:           2
  MoveL steps:           3
  Gripper operations:    2
  IK solutions/step:     [32, 32]
  Total IK combinations: 1024

[MOVEJ IK DETAILS]
  Step 0 (robot2):
    Total IK found:       32
    Collision-free IK:    32
  Step 1 (robot1):
    Total IK found:       32
    Collision-free IK:    32

[CONFIG]
  Max Pilz combinations: 16
  Max OMPL combinations: 1024
  Pilz PTP timeout:      10.00 s
  OMPL timeout:          3.00 s
  OMPL planner:          RRTConnect

[PLANNING PHASES]
  Phase 1: Pilz-PTP
    Attempts:         1 / 16
    Duration:         161.44 ms
    Result:           SUCCESS

[PLANNING RESULT]
  Status:          SUCCESS
  Success planner: Pilz-PTP
  Success attempt: 1
  Success IK idx:  [0, 0]
  Total duration:  1599.86 ms

[ATTEMPT HISTORY] (1 attempts)
  Format: #attempt [phase] IK=[indices] -> result
  ---------------------------------------------------------------
  #  1 [Pilz-PTP] IK=[0,0] -> SUCCESS

[EXECUTION]
  Trajectories:    5
  Duration:        13297.73 ms
  Status:          SUCCESS

[SUMMARY]
  2026-01-20T09:49:58.733 | PLAN_OK | EXEC_OK | Steps:5 | IK:1024 | Pilz-PTP@1 | Plan:1599.86ms | Exec:13297.73ms
================================================================================


================================================================================
PLANNING SESSION: f1b67ccb
Timestamp: 2026-01-20T09:50:13.646
================================================================================

[INPUT]
  Total motion steps:    5
  MoveJ steps:           2
  MoveL steps:           3
  Gripper operations:    2
  IK solutions/step:     [32, 32]
  Total IK combinations: 1024

[MOVEJ IK DETAILS]
  Step 0 (robot2):
    Total IK found:       32
    Collision-free IK:    32
  Step 1 (robot1):
    Total IK found:       32
    Collision-free IK:    32

[CONFIG]
  Max Pilz combinations: 16
  Max OMPL combinations: 1024
  Pilz PTP timeout:      10.00 s
  OMPL timeout:          3.00 s
  OMPL planner:          RRTConnect

[PLANNING PHASES]
  Phase 1: Pilz-PTP
    Attempts:         7 / 16
    Duration:         527.65 ms
    Result:           SUCCESS
    [Backtracking]
      Smart backtracks:   6
      Standard advances:  0
      Stage failures:     {step1:1, step2:3, step3:2}
      MoveJ IK changes:   {step1:6}

[PLANNING RESULT]
  Status:          SUCCESS
  Success planner: Pilz-PTP
  Success attempt: 7
  Success IK idx:  [0, 6]
  Total duration:  1938.68 ms

[BACKTRACK HISTORY] (last 6 events)
  #1 smart_backtrack: MoveL@3 failed -> changed MoveJ@1 IK 0->1
  #2 smart_backtrack: MoveL@1 failed -> changed MoveJ@1 IK 1->2
  #3 smart_backtrack: MoveL@3 failed -> changed MoveJ@1 IK 2->3
  #4 smart_backtrack: MoveL@2 failed -> changed MoveJ@1 IK 3->4
  #5 smart_backtrack: MoveL@2 failed -> changed MoveJ@1 IK 4->5
  #6 smart_backtrack: MoveL@2 failed -> changed MoveJ@1 IK 5->6

[ATTEMPT HISTORY] (7 attempts)
  Format: #attempt [phase] IK=[indices] -> result
  ---------------------------------------------------------------
  #  1 [Pilz-PTP] IK=[0,0] -> FAILED: MoveL at step 3 (move_l_3) - Stage 'move_l_3' failed to find solution
  #  2 [Pilz-PTP] IK=[0,1] -> FAILED: MoveJ at step 1 (move_j_1) - Stage 'move_j_1' failed to find solution
  #  3 [Pilz-PTP] IK=[0,2] -> FAILED: MoveL at step 3 (move_l_3) - Stage 'move_l_3' failed to find solution
  #  4 [Pilz-PTP] IK=[0,3] -> FAILED: MoveL at step 2 (move_l_2) - Stage 'move_l_2' failed to find solution
  #  5 [Pilz-PTP] IK=[0,4] -> FAILED: MoveL at step 2 (move_l_2) - Stage 'move_l_2' failed to find solution
  #  6 [Pilz-PTP] IK=[0,5] -> FAILED: MoveL at step 2 (move_l_2) - Stage 'move_l_2' failed to find solution
  #  7 [Pilz-PTP] IK=[0,6] -> SUCCESS

[EXECUTION]
  Trajectories:    5
  Duration:        26042.64 ms
  Status:          SUCCESS

[SUMMARY]
  2026-01-20T09:50:13.646 | PLAN_OK | EXEC_OK | Steps:5 | IK:1024 | Pilz-PTP@7 | BT:6/0 | Plan:1938.68ms | Exec:26042.64ms
================================================================================


================================================================================
PLANNING SESSION: 1ae1df4b
Timestamp: 2026-01-20T09:50:41.644
================================================================================

[INPUT]
  Total motion steps:    5
  MoveJ steps:           2
  MoveL steps:           3
  Gripper operations:    2
  IK solutions/step:     [32, 32]
  Total IK combinations: 1024

[MOVEJ IK DETAILS]
  Step 0 (robot2):
    Total IK found:       32
    Collision-free IK:    32
  Step 1 (robot1):
    Total IK found:       32
    Collision-free IK:    32

[CONFIG]
  Max Pilz combinations: 16
  Max OMPL combinations: 1024
  Pilz PTP timeout:      10.00 s
  OMPL timeout:          3.00 s
  OMPL planner:          RRTConnect

[PLANNING PHASES]
  Phase 1: Pilz-PTP
    Attempts:         1 / 16
    Duration:         163.18 ms
    Result:           SUCCESS

[PLANNING RESULT]
  Status:          SUCCESS
  Success planner: Pilz-PTP
  Success attempt: 1
  Success IK idx:  [0, 0]
  Total duration:  1574.09 ms

[ATTEMPT HISTORY] (1 attempts)
  Format: #attempt [phase] IK=[indices] -> result
  ---------------------------------------------------------------
  #  1 [Pilz-PTP] IK=[0,0] -> SUCCESS

[EXECUTION]
  Trajectories:    5
  Duration:        15951.19 ms
  Status:          SUCCESS

[SUMMARY]
  2026-01-20T09:50:41.644 | PLAN_OK | EXEC_OK | Steps:5 | IK:1024 | Pilz-PTP@1 | Plan:1574.09ms | Exec:15951.19ms
================================================================================


================================================================================
PLANNING SESSION: ad1d1e36
Timestamp: 2026-01-20T09:50:59.184
================================================================================

[INPUT]
  Total motion steps:    6
  MoveJ steps:           2
  MoveL steps:           4
  Gripper operations:    2
  IK solutions/step:     [32, 32]
  Total IK combinations: 1024

[MOVEJ IK DETAILS]
  Step 0 (robot1):
    Total IK found:       32
    Collision-free IK:    32
  Step 1 (robot2):
    Total IK found:       32
    Collision-free IK:    32

[CONFIG]
  Max Pilz combinations: 16
  Max OMPL combinations: 1024
  Pilz PTP timeout:      10.00 s
  OMPL timeout:          3.00 s
  OMPL planner:          RRTConnect

[PLANNING PHASES]
  Phase 1: Pilz-PTP
    Attempts:         1 / 16
    Duration:         166.74 ms
    Result:           SUCCESS

[PLANNING RESULT]
  Status:          SUCCESS
  Success planner: Pilz-PTP
  Success attempt: 1
  Success IK idx:  [0, 0]
  Total duration:  1758.77 ms

[ATTEMPT HISTORY] (1 attempts)
  Format: #attempt [phase] IK=[indices] -> result
  ---------------------------------------------------------------
  #  1 [Pilz-PTP] IK=[0,0] -> SUCCESS

[EXECUTION]
  Trajectories:    6
  Duration:        16750.76 ms
  Status:          SUCCESS

[SUMMARY]
  2026-01-20T09:50:59.184 | PLAN_OK | EXEC_OK | Steps:6 | IK:1024 | Pilz-PTP@1 | Plan:1758.77ms | Exec:16750.76ms
================================================================================


================================================================================
PLANNING SESSION: a011f468
Timestamp: 2026-01-20T09:51:17.707
================================================================================

[INPUT]
  Total motion steps:    5
  MoveJ steps:           2
  MoveL steps:           3
  Gripper operations:    2
  IK solutions/step:     [32, 32]
  Total IK combinations: 1024

[MOVEJ IK DETAILS]
  Step 0 (robot1):
    Total IK found:       32
    Collision-free IK:    32
  Step 1 (robot2):
    Total IK found:       32
    Collision-free IK:    32

[CONFIG]
  Max Pilz combinations: 16
  Max OMPL combinations: 1024
  Pilz PTP timeout:      10.00 s
  OMPL timeout:          3.00 s
  OMPL planner:          RRTConnect

[PLANNING PHASES]
  Phase 1: Pilz-PTP
    Attempts:         1 / 16
    Duration:         163.94 ms
    Result:           SUCCESS

[PLANNING RESULT]
  Status:          SUCCESS
  Success planner: Pilz-PTP
  Success attempt: 1
  Success IK idx:  [0, 0]
  Total duration:  1349.81 ms

[ATTEMPT HISTORY] (1 attempts)
  Format: #attempt [phase] IK=[indices] -> result
  ---------------------------------------------------------------
  #  1 [Pilz-PTP] IK=[0,0] -> SUCCESS

[EXECUTION]
  Trajectories:    5
  Duration:        13053.39 ms
  Status:          SUCCESS

[SUMMARY]
  2026-01-20T09:51:17.707 | PLAN_OK | EXEC_OK | Steps:5 | IK:1024 | Pilz-PTP@1 | Plan:1349.81ms | Exec:13053.39ms
================================================================================


================================================================================
PLANNING SESSION: 8e66b660
Timestamp: 2026-01-20T09:51:32.124
================================================================================

[INPUT]
  Total motion steps:    5
  MoveJ steps:           2
  MoveL steps:           3
  Gripper operations:    2
  IK solutions/step:     [32, 32]
  Total IK combinations: 1024

[MOVEJ IK DETAILS]
  Step 0 (robot1):
    Total IK found:       32
    Collision-free IK:    32
  Step 1 (robot2):
    Total IK found:       32
    Collision-free IK:    32

[CONFIG]
  Max Pilz combinations: 16
  Max OMPL combinations: 1024
  Pilz PTP timeout:      10.00 s
  OMPL timeout:          3.00 s
  OMPL planner:          RRTConnect

[PLANNING PHASES]
  Phase 1: Pilz-PTP
    Attempts:         1 / 16
    Duration:         176.30 ms
    Result:           SUCCESS

[PLANNING RESULT]
  Status:          SUCCESS
  Success planner: Pilz-PTP
  Success attempt: 1
  Success IK idx:  [0, 0]
  Total duration:  1453.80 ms

[ATTEMPT HISTORY] (1 attempts)
  Format: #attempt [phase] IK=[indices] -> result
  ---------------------------------------------------------------
  #  1 [Pilz-PTP] IK=[0,0] -> SUCCESS

[EXECUTION]
  Trajectories:    5
  Duration:        15155.31 ms
  Status:          SUCCESS

[SUMMARY]
  2026-01-20T09:51:32.124 | PLAN_OK | EXEC_OK | Steps:5 | IK:1024 | Pilz-PTP@1 | Plan:1453.80ms | Exec:15155.31ms
================================================================================


================================================================================
PLANNING SESSION: 2c2cd838
Timestamp: 2026-01-20T09:51:48.748
================================================================================

[INPUT]
  Total motion steps:    6
  MoveJ steps:           2
  MoveL steps:           4
  Gripper operations:    2
  IK solutions/step:     [32, 32]
  Total IK combinations: 1024

[MOVEJ IK DETAILS]
  Step 0 (robot2):
    Total IK found:       32
    Collision-free IK:    32
  Step 1 (robot1):
    Total IK found:       32
    Collision-free IK:    32

[CONFIG]
  Max Pilz combinations: 16
  Max OMPL combinations: 1024
  Pilz PTP timeout:      10.00 s
  OMPL timeout:          3.00 s
  OMPL planner:          RRTConnect

[PLANNING PHASES]
  Phase 1: Pilz-PTP
    Attempts:         1 / 16
    Duration:         172.99 ms
    Result:           SUCCESS

[PLANNING RESULT]
  Status:          SUCCESS
  Success planner: Pilz-PTP
  Success attempt: 1
  Success IK idx:  [0, 0]
  Total duration:  1792.79 ms

[ATTEMPT HISTORY] (1 attempts)
  Format: #attempt [phase] IK=[indices] -> result
  ---------------------------------------------------------------
  #  1 [Pilz-PTP] IK=[0,0] -> SUCCESS

[EXECUTION]
  Trajectories:    6
  Duration:        16899.65 ms
  Status:          SUCCESS

[SUMMARY]
  2026-01-20T09:51:48.748 | PLAN_OK | EXEC_OK | Steps:6 | IK:1024 | Pilz-PTP@1 | Plan:1792.79ms | Exec:16899.65ms
================================================================================


================================================================================
PLANNING SESSION: 0c4c6260
Timestamp: 2026-01-20T09:52:07.453
================================================================================

[INPUT]
  Total motion steps:    3
  MoveJ steps:           1
  MoveL steps:           2
  Gripper operations:    1
  IK solutions/step:     [32]
  Total IK combinations: 32

[MOVEJ IK DETAILS]
  Step 0 (robot2):
    Total IK found:       32
    Collision-free IK:    32

[CONFIG]
  Max Pilz combinations: 16
  Max OMPL combinations: 1024
  Pilz PTP timeout:      10.00 s
  OMPL timeout:          3.00 s
  OMPL planner:          RRTConnect

[PLANNING PHASES]
  Phase 1: Pilz-PTP
    Attempts:         8 / 9
    Duration:         571.16 ms
    Result:           SUCCESS
    [Backtracking]
      Smart backtracks:   7
      Standard advances:  0
      Stage failures:     {step0:7}
      MoveJ IK changes:   {step0:7}

[PLANNING RESULT]
  Status:          SUCCESS
  Success planner: Pilz-PTP
  Success attempt: 8
  Success IK idx:  [22]
  Total duration:  622.55 ms

[BACKTRACK HISTORY] (last 7 events)
  #1 smart_backtrack: MoveL@0 failed -> changed MoveJ@0 IK 2->3
  #2 smart_backtrack: MoveL@0 failed -> changed MoveJ@0 IK 3->5
  #3 smart_backtrack: MoveL@0 failed -> changed MoveJ@0 IK 5->10
  #4 smart_backtrack: MoveL@0 failed -> changed MoveJ@0 IK 10->15
  #5 smart_backtrack: MoveL@0 failed -> changed MoveJ@0 IK 15->19
  #6 smart_backtrack: MoveL@0 failed -> changed MoveJ@0 IK 19->21
  #7 smart_backtrack: MoveL@0 failed -> changed MoveJ@0 IK 21->22

[ATTEMPT HISTORY] (8 attempts)
  Format: #attempt [phase] IK=[indices] -> result
  ---------------------------------------------------------------
  #  1 [Pilz-PTP] IK=[2] -> FAILED: MoveJ at step 0 (move_j_0) - Stage 'move_j_0' failed to find solution
  #  2 [Pilz-PTP] IK=[3] -> FAILED: MoveJ at step 0 (move_j_0) - Stage 'move_j_0' failed to find solution
  #  3 [Pilz-PTP] IK=[5] -> FAILED: MoveJ at step 0 (move_j_0) - Stage 'move_j_0' failed to find solution
  #  4 [Pilz-PTP] IK=[10] -> FAILED: MoveJ at step 0 (move_j_0) - Stage 'move_j_0' failed to find solution
  #  5 [Pilz-PTP] IK=[15] -> FAILED: MoveJ at step 0 (move_j_0) - Stage 'move_j_0' failed to find solution
  #  6 [Pilz-PTP] IK=[19] -> FAILED: MoveJ at step 0 (move_j_0) - Stage 'move_j_0' failed to find solution
  #  7 [Pilz-PTP] IK=[21] -> FAILED: MoveJ at step 0 (move_j_0) - Stage 'move_j_0' failed to find solution
  #  8 [Pilz-PTP] IK=[22] -> SUCCESS

[EXECUTION]
  Trajectories:    3
  Duration:        16277.74 ms
  Status:          SUCCESS

[SUMMARY]
  2026-01-20T09:52:07.453 | PLAN_OK | EXEC_OK | Steps:3 | IK:32 | Pilz-PTP@8 | BT:7/0 | Plan:622.55ms | Exec:16277.74ms
================================================================================

