
================================================================================
PLANNING SESSION: d5cd6d4d
Timestamp: 2026-01-13T08:39:07.669
================================================================================

[INPUT]
  Total motion steps:    3
  MoveJ steps:           1
  MoveL steps:           2
  Gripper operations:    1
  IK solutions/step:     [32]
  Total IK combinations: 32

[MOVEJ IK DETAILS]
  Step 0 (robot2):
    Total IK found:       32
    Collision-free IK:    32

[CONFIG]
  Max Pilz combinations: 16
  Max OMPL combinations: 1024
  Pilz PTP timeout:      10.00 s
  OMPL timeout:          3.00 s
  OMPL planner:          RRTConnect

[PLANNING PHASES]
  Phase 1: Pilz-PTP
    Attempts:         1 / 16
    Duration:         57.91 ms
    Result:           SUCCESS

[PLANNING RESULT]
  Status:          SUCCESS
  Success planner: Pilz-PTP
  Success attempt: 1
  Success IK idx:  [0]
  Total duration:  170.19 ms

[ATTEMPT HISTORY] (1 attempts)
  Format: #attempt [phase] IK=[indices] -> result
  ---------------------------------------------------------------
  #  1 [Pilz-PTP] IK=[0] -> SUCCESS

[EXECUTION]
  Trajectories:    3
  Duration:        9757.18 ms
  Status:          SUCCESS

[SUMMARY]
  2026-01-13T08:39:07.669 | PLAN_OK | EXEC_OK | Steps:3 | IK:32 | Pilz-PTP@1 | Plan:170.19ms | Exec:9757.18ms
================================================================================


================================================================================
PLANNING SESSION: f2cc203d
Timestamp: 2026-01-13T08:39:17.607
================================================================================

[INPUT]
  Total motion steps:    1
  MoveJ steps:           1
  MoveL steps:           0
  Gripper operations:    0
  IK solutions/step:     [32]
  Total IK combinations: 32

[MOVEJ IK DETAILS]
  Step 0 (robot2):
    Total IK found:       32
    Collision-free IK:    32

[CONFIG]
  Max Pilz combinations: 16
  Max OMPL combinations: 1024
  Pilz PTP timeout:      10.00 s
  OMPL timeout:          3.00 s
  OMPL planner:          RRTConnect

[PLANNING PHASES]
  Phase 1: Pilz-PTP
    Attempts:         1 / 16
    Duration:         138.62 ms
    Result:           SUCCESS

[PLANNING RESULT]
  Status:          SUCCESS
  Success planner: Pilz-PTP
  Success attempt: 1
  Success IK idx:  [0]
  Total duration:  182.20 ms

[ATTEMPT HISTORY] (1 attempts)
  Format: #attempt [phase] IK=[indices] -> result
  ---------------------------------------------------------------
  #  1 [Pilz-PTP] IK=[0] -> SUCCESS

[EXECUTION]
  Trajectories:    1
  Duration:        3288.16 ms
  Status:          SUCCESS

[SUMMARY]
  2026-01-13T08:39:17.607 | PLAN_OK | EXEC_OK | Steps:1 | IK:32 | Pilz-PTP@1 | Plan:182.20ms | Exec:3288.16ms
================================================================================


================================================================================
PLANNING SESSION: df9f69b6
Timestamp: 2026-01-13T08:39:21.591
================================================================================

[INPUT]
  Total motion steps:    1
  MoveJ steps:           1
  MoveL steps:           0
  Gripper operations:    0
  IK solutions/step:     [32]
  Total IK combinations: 32

[MOVEJ IK DETAILS]
  Step 0 (robot2):
    Total IK found:       32
    Collision-free IK:    32

[CONFIG]
  Max Pilz combinations: 16
  Max OMPL combinations: 1024
  Pilz PTP timeout:      10.00 s
  OMPL timeout:          3.00 s
  OMPL planner:          RRTConnect

[PLANNING PHASES]
  Phase 1: Pilz-PTP
    Attempts:         1 / 16
    Duration:         129.72 ms
    Result:           SUCCESS

[PLANNING RESULT]
  Status:          SUCCESS
  Success planner: Pilz-PTP
  Success attempt: 1
  Success IK idx:  [0]
  Total duration:  162.55 ms

[ATTEMPT HISTORY] (1 attempts)
  Format: #attempt [phase] IK=[indices] -> result
  ---------------------------------------------------------------
  #  1 [Pilz-PTP] IK=[0] -> SUCCESS

[EXECUTION]
  Trajectories:    1
  Duration:        3783.56 ms
  Status:          SUCCESS

[SUMMARY]
  2026-01-13T08:39:21.591 | PLAN_OK | EXEC_OK | Steps:1 | IK:32 | Pilz-PTP@1 | Plan:162.55ms | Exec:3783.56ms
================================================================================


================================================================================
PLANNING SESSION: aec4bce0
Timestamp: 2026-01-13T08:39:26.051
================================================================================

[INPUT]
  Total motion steps:    1
  MoveJ steps:           1
  MoveL steps:           0
  Gripper operations:    0
  IK solutions/step:     [32]
  Total IK combinations: 32

[MOVEJ IK DETAILS]
  Step 0 (robot2):
    Total IK found:       32
    Collision-free IK:    32

[CONFIG]
  Max Pilz combinations: 16
  Max OMPL combinations: 1024
  Pilz PTP timeout:      10.00 s
  OMPL timeout:          3.00 s
  OMPL planner:          RRTConnect

[PLANNING PHASES]
  Phase 1: Pilz-PTP
    Attempts:         1 / 16
    Duration:         126.87 ms
    Result:           SUCCESS

[PLANNING RESULT]
  Status:          SUCCESS
  Success planner: Pilz-PTP
  Success attempt: 1
  Success IK idx:  [0]
  Total duration:  165.01 ms

[ATTEMPT HISTORY] (1 attempts)
  Format: #attempt [phase] IK=[indices] -> result
  ---------------------------------------------------------------
  #  1 [Pilz-PTP] IK=[0] -> SUCCESS

[EXECUTION]
  Trajectories:    1
  Duration:        2081.50 ms
  Status:          SUCCESS

[SUMMARY]
  2026-01-13T08:39:26.051 | PLAN_OK | EXEC_OK | Steps:1 | IK:32 | Pilz-PTP@1 | Plan:165.01ms | Exec:2081.50ms
================================================================================


================================================================================
PLANNING SESSION: db4211c8
Timestamp: 2026-01-13T08:39:28.813
================================================================================

[INPUT]
  Total motion steps:    6
  MoveJ steps:           2
  MoveL steps:           4
  Gripper operations:    2
  IK solutions/step:     [32, 32]
  Total IK combinations: 1024

[MOVEJ IK DETAILS]
  Step 0 (robot1):
    Total IK found:       32
    Collision-free IK:    32
  Step 1 (robot2):
    Total IK found:       32
    Collision-free IK:    32

[CONFIG]
  Max Pilz combinations: 16
  Max OMPL combinations: 1024
  Pilz PTP timeout:      10.00 s
  OMPL timeout:          3.00 s
  OMPL planner:          RRTConnect

[PLANNING PHASES]
  Phase 1: Pilz-PTP
    Attempts:         16 / 16
    Duration:         640.07 ms
    Result:           FAILED
    [Backtracking]
      Smart backtracks:   16
      Standard advances:  0
      Stage failures:     {step0:10, step2:6}
      MoveJ IK changes:   {step0:16}
  Phase 2: OMPL
    Attempts:         6 / 1024
    Duration:         888.35 ms
    Result:           SUCCESS
    [Backtracking]
      Smart backtracks:   5
      Standard advances:  0
      Stage failures:     {step0:2, step2:2, step3:1}
      MoveJ IK changes:   {step0:4, step1:1}

[PLANNING RESULT]
  Status:          SUCCESS
  Success planner: OMPL
  Success attempt: 6
  Success IK idx:  [4, 1]
  Total duration:  2957.13 ms

[BACKTRACK HISTORY] (last 21 events)
  #12 smart_backtrack: MoveL@0 failed -> changed MoveJ@0 IK 11->12
  #13 smart_backtrack: MoveL@0 failed -> changed MoveJ@0 IK 12->13
  #14 smart_backtrack: MoveL@0 failed -> changed MoveJ@0 IK 13->14
  #15 smart_backtrack: MoveL@0 failed -> changed MoveJ@0 IK 14->15
  #16 smart_backtrack: MoveL@0 failed -> changed MoveJ@0 IK 15->16
  #1 smart_backtrack: MoveL@2 failed -> changed MoveJ@0 IK 0->1
  #2 smart_backtrack: MoveL@2 failed -> changed MoveJ@0 IK 1->2
  #3 smart_backtrack: MoveL@0 failed -> changed MoveJ@0 IK 2->3
  #4 smart_backtrack: MoveL@0 failed -> changed MoveJ@0 IK 3->4
  #5 smart_backtrack: MoveL@3 failed -> changed MoveJ@1 IK 0->1

[ATTEMPT HISTORY] (22 attempts)
  Format: #attempt [phase] IK=[indices] -> result
  ---------------------------------------------------------------
  #  1 [Pilz-PTP] IK=[0,0] -> FAILED: MoveL at step 2 (move_l_2) - Stage 'move_l_2' failed to find solution
  #  2 [Pilz-PTP] IK=[1,0] -> FAILED: MoveL at step 2 (move_l_2) - Stage 'move_l_2' failed to find solution
  #  3 [Pilz-PTP] IK=[2,0] -> FAILED: MoveJ at step 0 (move_j_0) - Stage 'move_j_0' failed to find solution
  #  4 [Pilz-PTP] IK=[3,0] -> FAILED: MoveJ at step 0 (move_j_0) - Stage 'move_j_0' failed to find solution
  #  5 [Pilz-PTP] IK=[4,0] -> FAILED: MoveJ at step 0 (move_j_0) - Stage 'move_j_0' failed to find solution
  #  6 [Pilz-PTP] IK=[5,0] -> FAILED: MoveL at step 2 (move_l_2) - Stage 'move_l_2' failed to find solution
  #  7 [Pilz-PTP] IK=[6,0] -> FAILED: MoveJ at step 0 (move_j_0) - Stage 'move_j_0' failed to find solution
  #  8 [Pilz-PTP] IK=[7,0] -> FAILED: MoveJ at step 0 (move_j_0) - Stage 'move_j_0' failed to find solution
  #  9 [Pilz-PTP] IK=[8,0] -> FAILED: MoveL at step 2 (move_l_2) - Stage 'move_l_2' failed to find solution
  # 10 [Pilz-PTP] IK=[9,0] -> FAILED: MoveL at step 2 (move_l_2) - Stage 'move_l_2' failed to find solution
  # 11 [Pilz-PTP] IK=[10,0] -> FAILED: MoveL at step 2 (move_l_2) - Stage 'move_l_2' failed to find solution
  # 12 [Pilz-PTP] IK=[11,0] -> FAILED: MoveJ at step 0 (move_j_0) - Stage 'move_j_0' failed to find solution
  # 13 [Pilz-PTP] IK=[12,0] -> FAILED: MoveJ at step 0 (move_j_0) - Stage 'move_j_0' failed to find solution
  # 14 [Pilz-PTP] IK=[13,0] -> FAILED: MoveJ at step 0 (move_j_0) - Stage 'move_j_0' failed to find solution
  # 15 [Pilz-PTP] IK=[14,0] -> FAILED: MoveJ at step 0 (move_j_0) - Stage 'move_j_0' failed to find solution
  # 16 [Pilz-PTP] IK=[15,0] -> FAILED: MoveJ at step 0 (move_j_0) - Stage 'move_j_0' failed to find solution
  #  1 [    OMPL] IK=[0,0] -> FAILED: MoveL at step 2 (move_l_2) - Stage 'move_l_2' failed to find solution
  #  2 [    OMPL] IK=[1,0] -> FAILED: MoveL at step 2 (move_l_2) - Stage 'move_l_2' failed to find solution
  #  3 [    OMPL] IK=[2,0] -> FAILED: MoveJ at step 0 (move_j_0) - Stage 'move_j_0' failed to find solution
  #  4 [    OMPL] IK=[3,0] -> FAILED: MoveJ at step 0 (move_j_0) - Stage 'move_j_0' failed to find solution
  #  5 [    OMPL] IK=[4,0] -> FAILED: MoveL at step 3 (move_l_3) - Stage 'move_l_3' failed to find solution
  #  6 [    OMPL] IK=[4,1] -> SUCCESS

[EXECUTION]
  Trajectories:    6
  Duration:        21795.17 ms
  Status:          SUCCESS

[SUMMARY]
  2026-01-13T08:39:28.813 | PLAN_OK | EXEC_OK | Steps:6 | IK:1024 | OMPL@6 | BT:21/0 | Plan:2957.13ms | Exec:21795.17ms
================================================================================


================================================================================
PLANNING SESSION: afcc87a6
Timestamp: 2026-01-13T08:39:53.577
================================================================================

[INPUT]
  Total motion steps:    1
  MoveJ steps:           1
  MoveL steps:           0
  Gripper operations:    0
  IK solutions/step:     [32]
  Total IK combinations: 32

[MOVEJ IK DETAILS]
  Step 0 (robot1):
    Total IK found:       32
    Collision-free IK:    32

[CONFIG]
  Max Pilz combinations: 16
  Max OMPL combinations: 1024
  Pilz PTP timeout:      10.00 s
  OMPL timeout:          3.00 s
  OMPL planner:          RRTConnect

[PLANNING PHASES]
  Phase 1: Pilz-PTP
    Attempts:         2 / 16
    Duration:         169.05 ms
    Result:           SUCCESS
    [Backtracking]
      Smart backtracks:   1
      Standard advances:  0
      Stage failures:     {step0:1}
      MoveJ IK changes:   {step0:1}

[PLANNING RESULT]
  Status:          SUCCESS
  Success planner: Pilz-PTP
  Success attempt: 2
  Success IK idx:  [1]
  Total duration:  205.53 ms

[BACKTRACK HISTORY] (last 1 events)
  #1 smart_backtrack: MoveL@0 failed -> changed MoveJ@0 IK 0->1

[ATTEMPT HISTORY] (2 attempts)
  Format: #attempt [phase] IK=[indices] -> result
  ---------------------------------------------------------------
  #  1 [Pilz-PTP] IK=[0] -> FAILED: MoveJ at step 0 (move_j_0) - Stage 'move_j_0' failed to find solution
  #  2 [Pilz-PTP] IK=[1] -> SUCCESS

[EXECUTION]
  Trajectories:    1
  Duration:        4134.90 ms
  Status:          SUCCESS

[SUMMARY]
  2026-01-13T08:39:53.577 | PLAN_OK | EXEC_OK | Steps:1 | IK:32 | Pilz-PTP@2 | BT:1/0 | Plan:205.53ms | Exec:4134.90ms
================================================================================


================================================================================
PLANNING SESSION: 8abb4f9d
Timestamp: 2026-01-13T08:39:58.437
================================================================================

[INPUT]
  Total motion steps:    1
  MoveJ steps:           1
  MoveL steps:           0
  Gripper operations:    0
  IK solutions/step:     [32]
  Total IK combinations: 32

[MOVEJ IK DETAILS]
  Step 0 (robot1):
    Total IK found:       32
    Collision-free IK:    32

[CONFIG]
  Max Pilz combinations: 16
  Max OMPL combinations: 1024
  Pilz PTP timeout:      10.00 s
  OMPL timeout:          3.00 s
  OMPL planner:          RRTConnect

[PLANNING PHASES]
  Phase 1: Pilz-PTP
    Attempts:         1 / 16
    Duration:         132.33 ms
    Result:           SUCCESS

[PLANNING RESULT]
  Status:          SUCCESS
  Success planner: Pilz-PTP
  Success attempt: 1
  Success IK idx:  [0]
  Total duration:  178.75 ms

[ATTEMPT HISTORY] (1 attempts)
  Format: #attempt [phase] IK=[indices] -> result
  ---------------------------------------------------------------
  #  1 [Pilz-PTP] IK=[0] -> SUCCESS

[EXECUTION]
  Trajectories:    1
  Duration:        5391.52 ms
  Status:          SUCCESS

[SUMMARY]
  2026-01-13T08:39:58.437 | PLAN_OK | EXEC_OK | Steps:1 | IK:32 | Pilz-PTP@1 | Plan:178.75ms | Exec:5391.52ms
================================================================================


================================================================================
PLANNING SESSION: 1c0b5479
Timestamp: 2026-01-13T08:40:04.521
================================================================================

[INPUT]
  Total motion steps:    1
  MoveJ steps:           1
  MoveL steps:           0
  Gripper operations:    0
  IK solutions/step:     [32]
  Total IK combinations: 32

[MOVEJ IK DETAILS]
  Step 0 (robot1):
    Total IK found:       32
    Collision-free IK:    32

[CONFIG]
  Max Pilz combinations: 16
  Max OMPL combinations: 1024
  Pilz PTP timeout:      10.00 s
  OMPL timeout:          3.00 s
  OMPL planner:          RRTConnect

[PLANNING PHASES]
  Phase 1: Pilz-PTP
    Attempts:         1 / 16
    Duration:         130.91 ms
    Result:           SUCCESS

[PLANNING RESULT]
  Status:          SUCCESS
  Success planner: Pilz-PTP
  Success attempt: 1
  Success IK idx:  [0]
  Total duration:  172.77 ms

[ATTEMPT HISTORY] (1 attempts)
  Format: #attempt [phase] IK=[indices] -> result
  ---------------------------------------------------------------
  #  1 [Pilz-PTP] IK=[0] -> SUCCESS

[EXECUTION]
  Trajectories:    1
  Duration:        3782.22 ms
  Status:          SUCCESS

[SUMMARY]
  2026-01-13T08:40:04.521 | PLAN_OK | EXEC_OK | Steps:1 | IK:32 | Pilz-PTP@1 | Plan:172.77ms | Exec:3782.22ms
================================================================================


================================================================================
PLANNING SESSION: f7b95de0
Timestamp: 2026-01-13T08:40:08.995
================================================================================

[INPUT]
  Total motion steps:    5
  MoveJ steps:           2
  MoveL steps:           3
  Gripper operations:    2
  IK solutions/step:     [32, 32]
  Total IK combinations: 1024

[MOVEJ IK DETAILS]
  Step 0 (robot1):
    Total IK found:       32
    Collision-free IK:    32
  Step 1 (robot2):
    Total IK found:       32
    Collision-free IK:    32

[CONFIG]
  Max Pilz combinations: 16
  Max OMPL combinations: 1024
  Pilz PTP timeout:      10.00 s
  OMPL timeout:          3.00 s
  OMPL planner:          RRTConnect

[PLANNING PHASES]
  Phase 1: Pilz-PTP
    Attempts:         1 / 16
    Duration:         159.32 ms
    Result:           SUCCESS

[PLANNING RESULT]
  Status:          SUCCESS
  Success planner: Pilz-PTP
  Success attempt: 1
  Success IK idx:  [0, 0]
  Total duration:  1311.42 ms

[ATTEMPT HISTORY] (1 attempts)
  Format: #attempt [phase] IK=[indices] -> result
  ---------------------------------------------------------------
  #  1 [Pilz-PTP] IK=[0,0] -> SUCCESS

[EXECUTION]
  Trajectories:    5
  Duration:        17098.59 ms
  Status:          SUCCESS

[SUMMARY]
  2026-01-13T08:40:08.995 | PLAN_OK | EXEC_OK | Steps:5 | IK:1024 | Pilz-PTP@1 | Plan:1311.42ms | Exec:17098.59ms
================================================================================


================================================================================
PLANNING SESSION: 2789c3a6
Timestamp: 2026-01-13T08:40:27.418
================================================================================

[INPUT]
  Total motion steps:    5
  MoveJ steps:           2
  MoveL steps:           3
  Gripper operations:    2
  IK solutions/step:     [32, 32]
  Total IK combinations: 1024

[MOVEJ IK DETAILS]
  Step 0 (robot1):
    Total IK found:       32
    Collision-free IK:    32
  Step 1 (robot2):
    Total IK found:       32
    Collision-free IK:    32

[CONFIG]
  Max Pilz combinations: 16
  Max OMPL combinations: 1024
  Pilz PTP timeout:      10.00 s
  OMPL timeout:          3.00 s
  OMPL planner:          RRTConnect

[PLANNING PHASES]

[PLANNING RESULT]
  Status:          FAILED
  Total duration:  1157.89 ms

[EXECUTION]
  Trajectories:    0
  Duration:        0.00 ms
  Status:          FAILED

[FAILURE]
  Reason: All IK combinations have collisions

[SUMMARY]
  2026-01-13T08:40:27.418 | PLAN_FAIL | EXEC_FAIL | Steps:5 | IK:1024 | Plan:1157.89ms | Exec:0.00ms
================================================================================

