
================================================================================
PLANNING SESSION: e8f2c713
Timestamp: 2026-01-13T08:43:07.701
================================================================================

[INPUT]
  Total motion steps:    3
  MoveJ steps:           1
  MoveL steps:           2
  Gripper operations:    1
  IK solutions/step:     [32]
  Total IK combinations: 32

[MOVEJ IK DETAILS]
  Step 0 (robot2):
    Total IK found:       32
    Collision-free IK:    32

[CONFIG]
  Max Pilz combinations: 16
  Max OMPL combinations: 1024
  Pilz PTP timeout:      10.00 s
  OMPL timeout:          3.00 s
  OMPL planner:          RRTConnect

[PLANNING PHASES]
  Phase 1: Pilz-PTP
    Attempts:         1 / 16
    Duration:         54.07 ms
    Result:           SUCCESS

[PLANNING RESULT]
  Status:          SUCCESS
  Success planner: Pilz-PTP
  Success attempt: 1
  Success IK idx:  [0]
  Total duration:  142.39 ms

[ATTEMPT HISTORY] (1 attempts)
  Format: #attempt [phase] IK=[indices] -> result
  ---------------------------------------------------------------
  #  1 [Pilz-PTP] IK=[0] -> SUCCESS

[EXECUTION]
  Trajectories:    3
  Duration:        9707.82 ms
  Status:          SUCCESS

[SUMMARY]
  2026-01-13T08:43:07.701 | PLAN_OK | EXEC_OK | Steps:3 | IK:32 | Pilz-PTP@1 | Plan:142.39ms | Exec:9707.82ms
================================================================================


================================================================================
PLANNING SESSION: b6e35c40
Timestamp: 2026-01-13T08:43:17.563
================================================================================

[INPUT]
  Total motion steps:    1
  MoveJ steps:           1
  MoveL steps:           0
  Gripper operations:    0
  IK solutions/step:     [32]
  Total IK combinations: 32

[MOVEJ IK DETAILS]
  Step 0 (robot2):
    Total IK found:       32
    Collision-free IK:    32

[CONFIG]
  Max Pilz combinations: 16
  Max OMPL combinations: 1024
  Pilz PTP timeout:      10.00 s
  OMPL timeout:          3.00 s
  OMPL planner:          RRTConnect

[PLANNING PHASES]
  Phase 1: Pilz-PTP
    Attempts:         1 / 16
    Duration:         137.22 ms
    Result:           SUCCESS

[PLANNING RESULT]
  Status:          SUCCESS
  Success planner: Pilz-PTP
  Success attempt: 1
  Success IK idx:  [0]
  Total duration:  177.81 ms

[ATTEMPT HISTORY] (1 attempts)
  Format: #attempt [phase] IK=[indices] -> result
  ---------------------------------------------------------------
  #  1 [Pilz-PTP] IK=[0] -> SUCCESS

[EXECUTION]
  Trajectories:    1
  Duration:        3285.34 ms
  Status:          SUCCESS

[SUMMARY]
  2026-01-13T08:43:17.563 | PLAN_OK | EXEC_OK | Steps:1 | IK:32 | Pilz-PTP@1 | Plan:177.81ms | Exec:3285.34ms
================================================================================


================================================================================
PLANNING SESSION: 4092c5f1
Timestamp: 2026-01-13T08:43:21.542
================================================================================

[INPUT]
  Total motion steps:    1
  MoveJ steps:           1
  MoveL steps:           0
  Gripper operations:    0
  IK solutions/step:     [32]
  Total IK combinations: 32

[MOVEJ IK DETAILS]
  Step 0 (robot2):
    Total IK found:       32
    Collision-free IK:    32

[CONFIG]
  Max Pilz combinations: 16
  Max OMPL combinations: 1024
  Pilz PTP timeout:      10.00 s
  OMPL timeout:          3.00 s
  OMPL planner:          RRTConnect

[PLANNING PHASES]
  Phase 1: Pilz-PTP
    Attempts:         1 / 16
    Duration:         130.79 ms
    Result:           SUCCESS

[PLANNING RESULT]
  Status:          SUCCESS
  Success planner: Pilz-PTP
  Success attempt: 1
  Success IK idx:  [0]
  Total duration:  172.00 ms

[ATTEMPT HISTORY] (1 attempts)
  Format: #attempt [phase] IK=[indices] -> result
  ---------------------------------------------------------------
  #  1 [Pilz-PTP] IK=[0] -> SUCCESS

[EXECUTION]
  Trajectories:    1
  Duration:        3786.05 ms
  Status:          SUCCESS

[SUMMARY]
  2026-01-13T08:43:21.542 | PLAN_OK | EXEC_OK | Steps:1 | IK:32 | Pilz-PTP@1 | Plan:172.00ms | Exec:3786.05ms
================================================================================


================================================================================
PLANNING SESSION: 13f12a4f
Timestamp: 2026-01-13T08:43:26.013
================================================================================

[INPUT]
  Total motion steps:    1
  MoveJ steps:           1
  MoveL steps:           0
  Gripper operations:    0
  IK solutions/step:     [32]
  Total IK combinations: 32

[MOVEJ IK DETAILS]
  Step 0 (robot2):
    Total IK found:       32
    Collision-free IK:    32

[CONFIG]
  Max Pilz combinations: 16
  Max OMPL combinations: 1024
  Pilz PTP timeout:      10.00 s
  OMPL timeout:          3.00 s
  OMPL planner:          RRTConnect

[PLANNING PHASES]
  Phase 1: Pilz-PTP
    Attempts:         1 / 16
    Duration:         133.21 ms
    Result:           SUCCESS

[PLANNING RESULT]
  Status:          SUCCESS
  Success planner: Pilz-PTP
  Success attempt: 1
  Success IK idx:  [0]
  Total duration:  172.14 ms

[ATTEMPT HISTORY] (1 attempts)
  Format: #attempt [phase] IK=[indices] -> result
  ---------------------------------------------------------------
  #  1 [Pilz-PTP] IK=[0] -> SUCCESS

[EXECUTION]
  Trajectories:    1
  Duration:        2482.74 ms
  Status:          SUCCESS

[SUMMARY]
  2026-01-13T08:43:26.013 | PLAN_OK | EXEC_OK | Steps:1 | IK:32 | Pilz-PTP@1 | Plan:172.14ms | Exec:2482.74ms
================================================================================


================================================================================
PLANNING SESSION: 7581ec3e
Timestamp: 2026-01-13T08:43:29.186
================================================================================

[INPUT]
  Total motion steps:    6
  MoveJ steps:           2
  MoveL steps:           4
  Gripper operations:    2
  IK solutions/step:     [32, 32]
  Total IK combinations: 1024

[MOVEJ IK DETAILS]
  Step 0 (robot1):
    Total IK found:       32
    Collision-free IK:    32
  Step 1 (robot2):
    Total IK found:       32
    Collision-free IK:    32

[CONFIG]
  Max Pilz combinations: 16
  Max OMPL combinations: 1024
  Pilz PTP timeout:      10.00 s
  OMPL timeout:          3.00 s
  OMPL planner:          RRTConnect

[PLANNING PHASES]
  Phase 1: Pilz-PTP
    Attempts:         5 / 16
    Duration:         292.98 ms
    Result:           SUCCESS
    [Backtracking]
      Smart backtracks:   4
      Standard advances:  0
      Stage failures:     {step0:1, step2:3}
      MoveJ IK changes:   {step0:4}

[PLANNING RESULT]
  Status:          SUCCESS
  Success planner: Pilz-PTP
  Success attempt: 5
  Success IK idx:  [4, 0]
  Total duration:  1942.40 ms

[BACKTRACK HISTORY] (last 4 events)
  #1 smart_backtrack: MoveL@2 failed -> changed MoveJ@0 IK 0->1
  #2 smart_backtrack: MoveL@2 failed -> changed MoveJ@0 IK 1->2
  #3 smart_backtrack: MoveL@2 failed -> changed MoveJ@0 IK 2->3
  #4 smart_backtrack: MoveL@0 failed -> changed MoveJ@0 IK 3->4

[ATTEMPT HISTORY] (5 attempts)
  Format: #attempt [phase] IK=[indices] -> result
  ---------------------------------------------------------------
  #  1 [Pilz-PTP] IK=[0,0] -> FAILED: MoveL at step 2 (move_l_2) - Stage 'move_l_2' failed to find solution
  #  2 [Pilz-PTP] IK=[1,0] -> FAILED: MoveL at step 2 (move_l_2) - Stage 'move_l_2' failed to find solution
  #  3 [Pilz-PTP] IK=[2,0] -> FAILED: MoveL at step 2 (move_l_2) - Stage 'move_l_2' failed to find solution
  #  4 [Pilz-PTP] IK=[3,0] -> FAILED: MoveJ at step 0 (move_j_0) - Stage 'move_j_0' failed to find solution
  #  5 [Pilz-PTP] IK=[4,0] -> SUCCESS

[EXECUTION]
  Trajectories:    6
  Duration:        17089.90 ms
  Status:          SUCCESS

[SUMMARY]
  2026-01-13T08:43:29.186 | PLAN_OK | EXEC_OK | Steps:6 | IK:1024 | Pilz-PTP@5 | BT:4/0 | Plan:1942.40ms | Exec:17089.90ms
================================================================================


================================================================================
PLANNING SESSION: 21c64352
Timestamp: 2026-01-13T08:43:48.242
================================================================================

[INPUT]
  Total motion steps:    1
  MoveJ steps:           1
  MoveL steps:           0
  Gripper operations:    0
  IK solutions/step:     [32]
  Total IK combinations: 32

[MOVEJ IK DETAILS]
  Step 0 (robot1):
    Total IK found:       32
    Collision-free IK:    32

[CONFIG]
  Max Pilz combinations: 16
  Max OMPL combinations: 1024
  Pilz PTP timeout:      10.00 s
  OMPL timeout:          3.00 s
  OMPL planner:          RRTConnect

[PLANNING PHASES]
  Phase 1: Pilz-PTP
    Attempts:         2 / 16
    Duration:         164.82 ms
    Result:           SUCCESS
    [Backtracking]
      Smart backtracks:   1
      Standard advances:  0
      Stage failures:     {step0:1}
      MoveJ IK changes:   {step0:1}

[PLANNING RESULT]
  Status:          SUCCESS
  Success planner: Pilz-PTP
  Success attempt: 2
  Success IK idx:  [1]
  Total duration:  194.46 ms

[BACKTRACK HISTORY] (last 1 events)
  #1 smart_backtrack: MoveL@0 failed -> changed MoveJ@0 IK 0->1

[ATTEMPT HISTORY] (2 attempts)
  Format: #attempt [phase] IK=[indices] -> result
  ---------------------------------------------------------------
  #  1 [Pilz-PTP] IK=[0] -> FAILED: MoveJ at step 0 (move_j_0) - Stage 'move_j_0' failed to find solution
  #  2 [Pilz-PTP] IK=[1] -> SUCCESS

[EXECUTION]
  Trajectories:    1
  Duration:        3432.01 ms
  Status:          SUCCESS

[SUMMARY]
  2026-01-13T08:43:48.242 | PLAN_OK | EXEC_OK | Steps:1 | IK:32 | Pilz-PTP@2 | BT:1/0 | Plan:194.46ms | Exec:3432.01ms
================================================================================


================================================================================
PLANNING SESSION: 477893c2
Timestamp: 2026-01-13T08:43:52.385
================================================================================

[INPUT]
  Total motion steps:    1
  MoveJ steps:           1
  MoveL steps:           0
  Gripper operations:    0
  IK solutions/step:     [32]
  Total IK combinations: 32

[MOVEJ IK DETAILS]
  Step 0 (robot1):
    Total IK found:       32
    Collision-free IK:    32

[CONFIG]
  Max Pilz combinations: 16
  Max OMPL combinations: 1024
  Pilz PTP timeout:      10.00 s
  OMPL timeout:          3.00 s
  OMPL planner:          RRTConnect

[PLANNING PHASES]
  Phase 1: Pilz-PTP
    Attempts:         1 / 16
    Duration:         134.59 ms
    Result:           SUCCESS

[PLANNING RESULT]
  Status:          SUCCESS
  Success planner: Pilz-PTP
  Success attempt: 1
  Success IK idx:  [0]
  Total duration:  184.65 ms

[ATTEMPT HISTORY] (1 attempts)
  Format: #attempt [phase] IK=[indices] -> result
  ---------------------------------------------------------------
  #  1 [Pilz-PTP] IK=[0] -> SUCCESS

[EXECUTION]
  Trajectories:    1
  Duration:        2687.97 ms
  Status:          SUCCESS

[SUMMARY]
  2026-01-13T08:43:52.385 | PLAN_OK | EXEC_OK | Steps:1 | IK:32 | Pilz-PTP@1 | Plan:184.65ms | Exec:2687.97ms
================================================================================


================================================================================
PLANNING SESSION: bc43b829
Timestamp: 2026-01-13T08:43:55.777
================================================================================

[INPUT]
  Total motion steps:    1
  MoveJ steps:           1
  MoveL steps:           0
  Gripper operations:    0
  IK solutions/step:     [32]
  Total IK combinations: 32

[MOVEJ IK DETAILS]
  Step 0 (robot1):
    Total IK found:       32
    Collision-free IK:    32

[CONFIG]
  Max Pilz combinations: 16
  Max OMPL combinations: 1024
  Pilz PTP timeout:      10.00 s
  OMPL timeout:          3.00 s
  OMPL planner:          RRTConnect

[PLANNING PHASES]
  Phase 1: Pilz-PTP
    Attempts:         1 / 16
    Duration:         139.72 ms
    Result:           SUCCESS

[PLANNING RESULT]
  Status:          SUCCESS
  Success planner: Pilz-PTP
  Success attempt: 1
  Success IK idx:  [0]
  Total duration:  176.89 ms

[ATTEMPT HISTORY] (1 attempts)
  Format: #attempt [phase] IK=[indices] -> result
  ---------------------------------------------------------------
  #  1 [Pilz-PTP] IK=[0] -> SUCCESS

[EXECUTION]
  Trajectories:    1
  Duration:        3785.25 ms
  Status:          SUCCESS

[SUMMARY]
  2026-01-13T08:43:55.777 | PLAN_OK | EXEC_OK | Steps:1 | IK:32 | Pilz-PTP@1 | Plan:176.89ms | Exec:3785.25ms
================================================================================


================================================================================
PLANNING SESSION: 5569ae0b
Timestamp: 2026-01-13T08:44:00.262
================================================================================

[INPUT]
  Total motion steps:    5
  MoveJ steps:           2
  MoveL steps:           3
  Gripper operations:    2
  IK solutions/step:     [32, 32]
  Total IK combinations: 1024

[MOVEJ IK DETAILS]
  Step 0 (robot1):
    Total IK found:       32
    Collision-free IK:    32
  Step 1 (robot2):
    Total IK found:       32
    Collision-free IK:    32

[CONFIG]
  Max Pilz combinations: 16
  Max OMPL combinations: 1024
  Pilz PTP timeout:      10.00 s
  OMPL timeout:          3.00 s
  OMPL planner:          RRTConnect

[PLANNING PHASES]
  Phase 1: Pilz-PTP
    Attempts:         1 / 16
    Duration:         159.45 ms
    Result:           SUCCESS

[PLANNING RESULT]
  Status:          SUCCESS
  Success planner: Pilz-PTP
  Success attempt: 1
  Success IK idx:  [0, 0]
  Total duration:  1265.48 ms

[ATTEMPT HISTORY] (1 attempts)
  Format: #attempt [phase] IK=[indices] -> result
  ---------------------------------------------------------------
  #  1 [Pilz-PTP] IK=[0,0] -> SUCCESS

[EXECUTION]
  Trajectories:    5
  Duration:        17100.59 ms
  Status:          SUCCESS

[SUMMARY]
  2026-01-13T08:44:00.262 | PLAN_OK | EXEC_OK | Steps:5 | IK:1024 | Pilz-PTP@1 | Plan:1265.48ms | Exec:17100.59ms
================================================================================


================================================================================
PLANNING SESSION: b387c0f8
Timestamp: 2026-01-13T08:44:18.639
================================================================================

[INPUT]
  Total motion steps:    5
  MoveJ steps:           2
  MoveL steps:           3
  Gripper operations:    2
  IK solutions/step:     [32, 32]
  Total IK combinations: 1024

[MOVEJ IK DETAILS]
  Step 0 (robot1):
    Total IK found:       32
    Collision-free IK:    32
  Step 1 (robot2):
    Total IK found:       32
    Collision-free IK:    32

[CONFIG]
  Max Pilz combinations: 16
  Max OMPL combinations: 1024
  Pilz PTP timeout:      10.00 s
  OMPL timeout:          3.00 s
  OMPL planner:          RRTConnect

[PLANNING PHASES]
  Phase 1: Pilz-PTP
    Attempts:         1 / 16
    Duration:         165.18 ms
    Result:           SUCCESS

[PLANNING RESULT]
  Status:          SUCCESS
  Success planner: Pilz-PTP
  Success attempt: 1
  Success IK idx:  [0, 0]
  Total duration:  1402.29 ms

[ATTEMPT HISTORY] (1 attempts)
  Format: #attempt [phase] IK=[indices] -> result
  ---------------------------------------------------------------
  #  1 [Pilz-PTP] IK=[0,0] -> SUCCESS

[EXECUTION]
  Trajectories:    5
  Duration:        16346.07 ms
  Status:          SUCCESS

[SUMMARY]
  2026-01-13T08:44:18.639 | PLAN_OK | EXEC_OK | Steps:5 | IK:1024 | Pilz-PTP@1 | Plan:1402.29ms | Exec:16346.07ms
================================================================================


================================================================================
PLANNING SESSION: 12580c64
Timestamp: 2026-01-13T08:44:36.399
================================================================================

[INPUT]
  Total motion steps:    6
  MoveJ steps:           2
  MoveL steps:           4
  Gripper operations:    2
  IK solutions/step:     [32, 32]
  Total IK combinations: 1024

[MOVEJ IK DETAILS]
  Step 0 (robot2):
    Total IK found:       32
    Collision-free IK:    32
  Step 1 (robot1):
    Total IK found:       32
    Collision-free IK:    32

[CONFIG]
  Max Pilz combinations: 16
  Max OMPL combinations: 1024
  Pilz PTP timeout:      10.00 s
  OMPL timeout:          3.00 s
  OMPL planner:          RRTConnect

[PLANNING PHASES]
  Phase 1: Pilz-PTP
    Attempts:         1 / 16
    Duration:         158.78 ms
    Result:           SUCCESS

[PLANNING RESULT]
  Status:          SUCCESS
  Success planner: Pilz-PTP
  Success attempt: 1
  Success IK idx:  [0, 0]
  Total duration:  1694.02 ms

[ATTEMPT HISTORY] (1 attempts)
  Format: #attempt [phase] IK=[indices] -> result
  ---------------------------------------------------------------
  #  1 [Pilz-PTP] IK=[0,0] -> SUCCESS

[EXECUTION]
  Trajectories:    6
  Duration:        17134.95 ms
  Status:          SUCCESS

[SUMMARY]
  2026-01-13T08:44:36.399 | PLAN_OK | EXEC_OK | Steps:6 | IK:1024 | Pilz-PTP@1 | Plan:1694.02ms | Exec:17134.95ms
================================================================================


================================================================================
PLANNING SESSION: 30c74886
Timestamp: 2026-01-13T08:44:55.239
================================================================================

[INPUT]
  Total motion steps:    5
  MoveJ steps:           2
  MoveL steps:           3
  Gripper operations:    2
  IK solutions/step:     [32, 32]
  Total IK combinations: 1024

[MOVEJ IK DETAILS]
  Step 0 (robot2):
    Total IK found:       32
    Collision-free IK:    32
  Step 1 (robot1):
    Total IK found:       32
    Collision-free IK:    32

[CONFIG]
  Max Pilz combinations: 16
  Max OMPL combinations: 1024
  Pilz PTP timeout:      10.00 s
  OMPL timeout:          3.00 s
  OMPL planner:          RRTConnect

[PLANNING PHASES]
  Phase 1: Pilz-PTP
    Attempts:         1 / 16
    Duration:         163.00 ms
    Result:           SUCCESS

[PLANNING RESULT]
  Status:          SUCCESS
  Success planner: Pilz-PTP
  Success attempt: 1
  Success IK idx:  [0, 0]
  Total duration:  1413.06 ms

[ATTEMPT HISTORY] (1 attempts)
  Format: #attempt [phase] IK=[indices] -> result
  ---------------------------------------------------------------
  #  1 [Pilz-PTP] IK=[0,0] -> SUCCESS

[EXECUTION]
  Trajectories:    5
  Duration:        16643.24 ms
  Status:          SUCCESS

[SUMMARY]
  2026-01-13T08:44:55.239 | PLAN_OK | EXEC_OK | Steps:5 | IK:1024 | Pilz-PTP@1 | Plan:1413.06ms | Exec:16643.24ms
================================================================================


================================================================================
PLANNING SESSION: 25b4d450
Timestamp: 2026-01-13T08:45:13.310
================================================================================

[INPUT]
  Total motion steps:    5
  MoveJ steps:           2
  MoveL steps:           3
  Gripper operations:    2
  IK solutions/step:     [32, 32]
  Total IK combinations: 1024

[MOVEJ IK DETAILS]
  Step 0 (robot2):
    Total IK found:       32
    Collision-free IK:    32
  Step 1 (robot1):
    Total IK found:       32
    Collision-free IK:    32

[CONFIG]
  Max Pilz combinations: 16
  Max OMPL combinations: 1024
  Pilz PTP timeout:      10.00 s
  OMPL timeout:          3.00 s
  OMPL planner:          RRTConnect

[PLANNING PHASES]
  Phase 1: Pilz-PTP
    Attempts:         1 / 16
    Duration:         161.08 ms
    Result:           SUCCESS

[PLANNING RESULT]
  Status:          SUCCESS
  Success planner: Pilz-PTP
  Success attempt: 1
  Success IK idx:  [0, 0]
  Total duration:  1518.64 ms

[ATTEMPT HISTORY] (1 attempts)
  Format: #attempt [phase] IK=[indices] -> result
  ---------------------------------------------------------------
  #  1 [Pilz-PTP] IK=[0,0] -> SUCCESS

[EXECUTION]
  Trajectories:    5
  Duration:        15099.97 ms
  Status:          SUCCESS

[SUMMARY]
  2026-01-13T08:45:13.310 | PLAN_OK | EXEC_OK | Steps:5 | IK:1024 | Pilz-PTP@1 | Plan:1518.64ms | Exec:15099.97ms
================================================================================

